实体归一化日志
============================================================
阈值: 0.92
原始实体数: 8551
标准实体数: 7434
发生合并的簇: 850 个
未合并的实体: 6584 个
过滤的无效关系: {'双翼布局'}

============================================================
合并详情（按簇大小降序，括号内为与簇中心的相似度）
============================================================

标准名: 【双折叠翼变体】 (共 12 个)
  ← 单-双折叠翼变体  (sim=1.0000)
  ← 单-双折叠翼变体技术  (sim=0.9225)
  ← 单-双折叠翼变体机  (sim=0.9236)
  ← 单-双折叠翼变体概念  (sim=0.9395)
  ← 单-双折叠翼变体的机翼结构  (sim=0.9230)
  ← 单-双折叠翼变体飞机  (sim=0.9396)
  ← 单-双折叠翼变体飞行器  (sim=0.9321)
  ← 单翼到双翼的折叠变体  (sim=0.9312)
  ← 双-单折叠翼变体飞行器  (sim=0.9241)
  ← 气动力驱动的单-双折叠翼变体  (sim=0.9222)
  ← 适用于单-双折叠翼变体布局  (sim=0.9355)

标准名: 【morphing aircr】 (共 9 个)
  ← Morphing Aircraft  (sim=1.0000)
  ← Morphing aircraft  (sim=1.0000)
  ← Morphing aircraft technology  (sim=0.9385)
  ← conventional morphing aircraft  (sim=0.9345)
  ← morphing aircraft  (sim=1.0000)
  ← morphing aircraft designs  (sim=0.9263)
  ← morphing aircraft technology  (sim=0.9385)
  ← morphing aircrafts  (sim=0.9913)

标准名: 【上下机翼位置关系】 (共 7 个)
  ← 上下机翼之间的位置关系  (sim=1.0000)
  ← 上下机翼的位置关系  (sim=0.9925)
  ← 上下机翼的相对位置  (sim=0.9499)
  ← 上下机翼的相对位置关系  (sim=0.9726)
  ← 上机翼位于下机翼前方  (sim=0.9225)
  ← 上机翼和下机翼的间距  (sim=0.9275)

标准名: 【变体飞行器控制】 (共 7 个)
  ← 变体飞行器控制器  (sim=0.9743)
  ← 变体飞行器控制技术  (sim=0.9337)
  ← 变体飞行器控制方法  (sim=0.9706)
  ← 变体飞行器控制系统  (sim=0.9518)
  ← 变体飞行器的控制系统分析  (sim=0.9206)
  ← 变构飞行器控制  (sim=0.9507)

标准名: 【变体飞行器气动优化设计】 (共 7 个)
  ← 变体飞行器气动外形优化设计  (sim=0.9749)
  ← 变体飞行器气动特性分析  (sim=0.9257)
  ← 变体飞行器的气动布局方案设计  (sim=0.9358)
  ← 变构飞行器气动布局设计  (sim=0.9241)
  ← 飞行器多目标变体气动布局优化设计  (sim=0.9361)
  ← 飞行控制系统和飞行器气动设计的优化  (sim=0.9225)

标准名: 【Kagomé架构】 (共 6 个)
  ← Kagomé 基本架构  (sim=1.0000)
  ← Kagomé 构架  (sim=0.9756)
  ← Kagomé 构架结构  (sim=0.9840)
  ← Kagomé 架构  (sim=0.9798)
  ← 利用 Kagomé 构架  (sim=0.9456)

标准名: 【后掠机翼】 (共 6 个)
  ← 变后掠机翼  (sim=1.0000)
  ← 变后掠机翼方案  (sim=0.9326)
  ← 可变后掠机翼  (sim=0.9760)
  ← 可变后掠角机翼  (sim=0.9452)
  ← 机翼变后掠  (sim=0.9633)

标准名: 【气动布局】 (共 6 个)
  ← 气动布局方案  (sim=0.9655)
  ← 气动布局构型  (sim=0.9311)
  ← 气动布局的性能设计与评估  (sim=0.9217)
  ← 气动布局设计  (sim=0.9703)
  ← 气动布局设计方法  (sim=0.9278)

标准名: 【飞机设计】 (共 6 个)
  ← 飞机总体设计  (sim=1.0000)
  ← 飞机总体设计方法  (sim=0.9387)
  ← 飞机的总体方案设计  (sim=0.9235)
  ← 飞机的总体设计  (sim=0.9913)
  ← 飞机的总体设计方法  (sim=0.9392)

标准名: 【飞机气动特性】 (共 6 个)
  ← 飞机气动稳定性  (sim=0.9366)
  ← 飞机的气动性能  (sim=0.9785)
  ← 飞机空气动力学特性  (sim=0.9362)
  ← 飞行器气动性能  (sim=0.9464)
  ← 飞行器气动特性  (sim=0.9667)

标准名: 【Aerodynamic design】 (共 5 个)
  ← aerodynamic design  (sim=1.0000)
  ← aerodynamic design methodolog  (sim=0.9337)
  ← aerodynamic design of aircraft  (sim=0.9257)
  ← aerodynamic design principles  (sim=0.9539)

标准名: 【aerodynamic】 (共 5 个)
  ← Aerodynamic optimization  (sim=1.0000)
  ← aerodynamic optimization  (sim=1.0000)
  ← aerodynamics  (sim=0.9289)
  ← optimal aerodynamic performance  (sim=0.9208)

标准名: 【shape memory alloy】 (共 5 个)
  ← Shape Memory Alloys  (sim=1.0000)
  ← shape memory alloy.  (sim=0.9785)
  ← shape memory alloys  (sim=1.0000)
  ← shape-memory alloy  (sim=0.9793)

标准名: 【morphing aircraft concepts】 (共 5 个)
  ← Sizing Morphing Aircraft Concepts  (sim=1.0000)
  ← Sizing Morphing Aircraft Concepts.  (sim=0.9649)
  ← conceptual design of morphing aircraft  (sim=0.9435)
  ← sizing morphing aircraft concepts  (sim=1.0000)

标准名: 【固定外形飞行器】 (共 5 个)
  ← 传统固定外形飞行器  (sim=1.0000)
  ← 传统固定构型飞行器  (sim=0.9274)
  ← 固定外形布局的飞行器  (sim=0.9210)
  ← 常规固定外形飞行器  (sim=0.9351)

标准名: 【变体飞行器设计】 (共 5 个)
  ← 变体飞行器优化设计  (sim=1.0000)
  ← 变体飞行器外形优化  (sim=0.9370)
  ← 变体飞行器的优化设计  (sim=0.9936)
  ← 变体飞行器自主外形优化方法  (sim=0.9265)

标准名: 【变构飞行】 (共 5 个)
  ← 变构飞行器  (sim=0.9462)
  ← 变构飞行器系统  (sim=0.9202)
  ← 变构飞行技术  (sim=0.9392)
  ← 变构飞行方案  (sim=0.9393)

标准名: 【气动驱动变体】 (共 5 个)
  ← 气动力驱动变体  (sim=1.0000)
  ← 气动力驱动变体技术  (sim=0.9334)
  ← 气动力驱动折叠变体  (sim=0.9210)
  ← 气动驱动变体方案  (sim=0.9214)

标准名: 【气动弹性】 (共 5 个)
  ← 气动弹性分析  (sim=0.9336)
  ← 气动弹性效应  (sim=0.9333)
  ← 气动弹性特性  (sim=0.9733)
  ← 飞行器气动弹性  (sim=0.9204)

标准名: 【连杆的重量】 (共 5 个)
  ← 连杆的尺寸和重量  (sim=1.0000)
  ← 连杆的尺寸和重量等设计参数  (sim=0.9297)
  ← 连杆的重量和几何尺寸  (sim=0.9655)
  ← 连杆重量和空间尺寸  (sim=0.9393)

标准名: 【飞机性能】 (共 5 个)
  ← 飞机的性能  (sim=0.9835)
  ← 飞机的性能参数  (sim=0.9284)
  ← 飞机飞行性能  (sim=0.9495)
  ← 飞行性能  (sim=0.9370)

标准名: 【aerodynamic force】 (共 4 个)
  ← Aerodynamic forces  (sim=1.0000)
  ← aerodynamic forces  (sim=1.0000)
  ← unsteady aerodynamic force  (sim=0.9344)

标准名: 【aerospace vehicle】 (共 4 个)
  ← Aerospace vehicles  (sim=1.0000)
  ← aerospace vehicles  (sim=1.0000)
  ← morphing of aerospace vehicle  (sim=0.9510)

标准名: 【Aileron】 (共 4 个)
  ← Ailerons  (sim=0.9471)
  ← aileron  (sim=1.0000)
  ← ailerons  (sim=0.9471)

标准名: 【Monoplane】 (共 4 个)
  ← monoplane  (sim=1.0000)
  ← monoplane.  (sim=0.9526)
  ← monoplanes  (sim=0.9659)

标准名: 【movable wing】 (共 4 个)
  ← Movable and fixed wings  (sim=1.0000)
  ← fixed and movable wings  (sim=0.9874)
  ← movable wings  (sim=0.9518)

标准名: 【Z 型折叠翼】 (共 4 个)
  ← Z 型折叠机翼  (sim=1.0000)
  ← Z 型折叠机翼技术  (sim=0.9328)
  ← Z型折叠机翼  (sim=1.0000)

标准名: 【上下机翼相互干扰】 (共 4 个)
  ← 上下机翼之间的相互干扰  (sim=1.0000)
  ← 上下机翼的相互干扰  (sim=0.9933)
  ← 上下机翼间的相互干扰  (sim=0.9951)

标准名: 【上下翼间距】 (共 4 个)
  ← 上下机翼之间的间距  (sim=1.0000)
  ← 上下机翼的间距  (sim=0.9933)
  ← 上下机翼间距  (sim=0.9736)

标准名: 【双翼气动性能】 (共 4 个)
  ← 二维双翼气动性能  (sim=1.0000)
  ← 二维双翼的空气动力学特性  (sim=0.9385)
  ← 双翼气动特性  (sim=0.9311)

标准名: 【变形决策】 (共 4 个)
  ← 传统变形决策  (sim=1.0000)
  ← 传统变形决策技术  (sim=0.9398)
  ← 传统的变形决策  (sim=0.9907)

标准名: 【变体机翼】 (共 4 个)
  ← 全变体机翼  (sim=1.0000)
  ← 可变机翼  (sim=0.9253)
  ← 机翼变体  (sim=0.9385)

标准名: 【前掠翼】 (共 4 个)
  ← 前掠机翼  (sim=1.0000)
  ← 前掠机翼布局  (sim=0.9279)
  ← 可变前掠机翼  (sim=0.9354)

标准名: 【副翼偏角】 (共 4 个)
  ← 副翼偏转  (sim=0.9261)
  ← 副翼偏转角度  (sim=0.9623)
  ← 副翼偏转角度变化  (sim=0.9375)

标准名: 【升阻比】 (共 4 个)
  ← 升阻比对比  (sim=0.9449)
  ← 提高升阻比  (sim=0.9228)
  ← 高升阻比  (sim=0.9536)

标准名: 【空气动力学建模】 (共 4 个)
  ← 变体的空气动力学建模  (sim=1.0000)
  ← 变体空气动力学模型  (sim=0.9428)
  ← 时变空气动力学建模  (sim=0.9281)

标准名: 【飞行动力学建模】 (共 4 个)
  ← 变体的飞行动力学建模  (sim=1.0000)
  ← 变构飞行器动力学建模  (sim=0.9454)
  ← 飞行器动力学建模  (sim=0.9233)

标准名: 【变体飞行器结构】 (共 4 个)
  ← 变体飞行器外形设计  (sim=1.0000)
  ← 变体飞行器的外形变化  (sim=0.9617)
  ← 变构飞行器外形设计  (sim=0.9676)

标准名: 【变体飞行器建模】 (共 4 个)
  ← 变体飞行器建模与仿真  (sim=0.9467)
  ← 变体飞行器建模与控制  (sim=0.9392)
  ← 变体飞行器模型  (sim=0.9367)

标准名: 【变体飞行器控制系统设计】 (共 4 个)
  ← 变体飞行器控制系统设计方法  (sim=0.9888)
  ← 变体飞行器智能控制器设计  (sim=0.9284)
  ← 变体飞行器的控制系统设计  (sim=0.9952)

标准名: 【变体驱动】 (共 4 个)
  ← 变体驱动器  (sim=0.9745)
  ← 变体驱动装置  (sim=0.9497)
  ← 驱动变体  (sim=0.9665)

标准名: 【弯度机翼】 (共 4 个)
  ← 变弯度机翼  (sim=1.0000)
  ← 机翼弯度  (sim=0.9368)
  ← 连续变弯度机翼  (sim=0.9530)

标准名: 【机翼锁定机构】 (共 4 个)
  ← 固定机翼和活动机翼之间的固定锁定机构  (sim=1.0000)
  ← 活动机翼与固定机翼之间的固定装置结构  (sim=0.9254)
  ← 活动机翼的固定锁定  (sim=0.9359)

标准名: 【增加展弦比】 (共 4 个)
  ← 增大展弦比  (sim=0.9617)
  ← 展弦比增加  (sim=0.9612)
  ← 提高展弦比  (sim=0.9779)

标准名: 【连杆的抗弯性能】 (共 4 个)
  ← 增强连杆的抗弯性能  (sim=1.0000)
  ← 增强连杆的抗扭性能  (sim=0.9394)
  ← 连杆的抗弯和抗扭强度  (sim=0.9257)

标准名: 【多刚体建模】 (共 4 个)
  ← 多刚体动力学建模  (sim=1.0000)
  ← 多刚体动力学建模方法  (sim=0.9859)
  ← 多刚体动力学模型  (sim=0.9543)

标准名: 【姿态控制】 (共 4 个)
  ← 姿态控制器  (sim=0.9558)
  ← 姿态控制方法  (sim=0.9342)
  ← 姿态控制系统  (sim=0.9309)

标准名: 【形状记忆合金】 (共 4 个)
  ← 形状记忆合金材料  (sim=0.9626)
  ← 新型形状记忆合金  (sim=0.9644)
  ← 训练形状记忆合金  (sim=0.9492)

标准名: 【斜置机翼】 (共 4 个)
  ← 斜置机翼布局  (sim=0.9432)
  ← 斜置机翼方案  (sim=0.9332)
  ← 斜置飞翼  (sim=0.9304)

标准名: 【稳定飞行】 (共 4 个)
  ← 稳定飞行器  (sim=0.9374)
  ← 飞机飞行稳定  (sim=0.9277)
  ← 飞行稳定性  (sim=0.9350)

标准名: 【连杆长度】 (共 4 个)
  ← 连杆的宽度  (sim=1.0000)
  ← 连杆的结构尺寸  (sim=0.9250)
  ← 连杆的长度  (sim=0.9446)

标准名: 【飞机诱导阻力】 (共 4 个)
  ← 降低飞机的诱导阻力  (sim=1.0000)
  ← 飞机的诱导阻力  (sim=0.9677)
  ← 飞机的诱导阻力系数  (sim=0.9247)

标准名: 【非定常气动力】 (共 4 个)
  ← 非定常气动力的变化  (sim=0.9467)
  ← 非定常气动效应  (sim=0.9228)
  ← 非定常空气动力  (sim=0.9548)

标准名: 【飞机几何布局】 (共 4 个)
  ← 飞机几何外形设计  (sim=1.0000)
  ← 飞机原有几何外形参数的设计规律  (sim=0.9303)
  ← 飞机的几何外形  (sim=0.9716)

标准名: 【Actuator】 (共 3 个)
  ← actuator  (sim=1.0000)
  ← actuators  (sim=0.9401)

标准名: 【Aerodynamic shape】 (共 3 个)
  ← aerodynamic shape  (sim=1.0000)
  ← aerodynamic shape optimization  (sim=0.9569)

标准名: 【Attitude control】 (共 3 个)
  ← attitude control  (sim=1.0000)
  ← attitude control technology  (sim=0.9358)

标准名: 【sliding mode control of morphing aircraft】 (共 3 个)
  ← Attitude control of hypersonic morphing aircraft  (sim=1.0000)
  ← attitude control of hypersonic morphing aircraft  (sim=1.0000)

标准名: 【Lyapunov function】 (共 3 个)
  ← Barrier Lyapunov function  (sim=1.0000)
  ← Lyapunov functions  (sim=0.9407)

标准名: 【Biplane】 (共 3 个)
  ← biplane  (sim=1.0000)
  ← biplanes  (sim=0.9823)

标准名: 【Computational Fluid Dynamics】 (共 3 个)
  ← Computational Fluid Dynamics (CFD) methodology  (sim=0.9212)
  ← computational fluid dynamics methods  (sim=0.9600)

标准名: 【Design】 (共 3 个)
  ← design  (sim=1.0000)
  ← designs  (sim=0.9781)

标准名: 【F-18飞机】 (共 3 个)
  ← F-18 战斗机  (sim=1.0000)
  ← F-18 飞机  (sim=0.9638)

标准名: 【Numerical simulation】 (共 3 个)
  ← numerical simulation  (sim=1.0000)
  ← numerical simulations  (sim=0.9853)

标准名: 【Q 学习算法】 (共 3 个)
  ← Q Learning算法  (sim=1.0000)
  ← Q-学习算法  (sim=0.9732)

标准名: 【Q_s_a】 (共 3 个)
  ← Q(s, a)  (sim=1.0000)
  ← Q_a(s, a)  (sim=0.9714)

标准名: 【Q-学习】 (共 3 个)
  ← Q-Learning  (sim=1.0000)
  ← Q-learning  (sim=1.0000)

标准名: 【RQ-4“全球鹰”无人机】 (共 3 个)
  ← RQ-4A“全球鹰”无人机  (sim=1.0000)
  ← 美国 RQ-4“全球鹰”无人机  (sim=0.9324)

标准名: 【aerodynamic-driven】 (共 3 个)
  ← aerodynamic-driven aircraft  (sim=0.9308)
  ← aerodynamic-driven morphing  (sim=0.9524)

标准名: 【aircraft design】 (共 3 个)
  ← aircraft designers  (sim=0.9770)
  ← aircraft designs  (sim=0.9907)

标准名: 【angle of attack】 (共 3 个)
  ← angle of attack.  (sim=0.9489)
  ← angles of attack  (sim=0.9951)

标准名: 【鸟】 (共 3 个)
  ← bird  (sim=1.0000)
  ← birds  (sim=0.9655)

标准名: 【design method】 (共 3 个)
  ← design methodology  (sim=0.9317)
  ← design methods  (sim=0.9844)

标准名: 【micro air vehicle】 (共 3 个)
  ← micro air vehicles  (sim=0.9877)
  ← micro-air vehicle  (sim=0.9920)

标准名: 【simulation model】 (共 3 个)
  ← modeling and simulation  (sim=1.0000)
  ← simulation model.  (sim=0.9262)

标准名: 【variable】 (共 3 个)
  ← variation  (sim=0.9472)
  ← variations  (sim=0.9302)

标准名: 【全球鹰无人机】 (共 3 个)
  ← “全球鹰”系列无人机  (sim=1.0000)
  ← 全球鹰”无人机  (sim=0.9623)

标准名: 【折展变构型能力的空天飞行器设计方案】 (共 3 个)
  ← 一种具有折展变构型能力的空天飞行器设计方案  (sim=1.0000)
  ← 具有折展变构能力的可重复使用升力式空天飞行器构型设计方案  (sim=0.9404)

标准名: 【适应神经网络动态曲面控制方法】 (共 3 个)
  ← 一种基于编码李雅普诺夫函数的适应神经网络动态曲面控制方法  (sim=1.0000)
  ← 编码李雅普诺夫函数的适应神经网络动态曲面控制方法  (sim=0.9832)

标准名: 【双翼布局】 (共 3 个)
  ← 上下双翼式布局  (sim=1.0000)
  ← 双翼式布局  (sim=0.9589)

标准名: 【上机翼升力线斜率】 (共 3 个)
  ← 下机翼的升力线斜率  (sim=0.9352)
  ← 机翼整体的升力线斜率  (sim=0.9598)

标准名: 【机翼的攻角】 (共 3 个)
  ← 上机翼的实际攻角  (sim=1.0000)
  ← 下机翼的实际攻角  (sim=0.9435)

标准名: 【主动气动弹性机翼】 (共 3 个)
  ← 主动气动弹性机翼技术  (sim=0.9478)
  ← 设计主动气动弹性机翼  (sim=0.9525)

标准名: 【乘波构型飞行器】 (共 3 个)
  ← 乘波-机翼构型飞行器  (sim=1.0000)
  ← 乘波体构型飞行器  (sim=0.9316)

标准名: 【亚声速和超声速飞行】 (共 3 个)
  ← 超声速和亚声速飞行  (sim=0.9960)
  ← 跨声速、超声速飞行  (sim=0.9301)

标准名: 【优化固定结构飞行器】 (共 3 个)
  ← 优化固定结构飞行器的飞行航迹  (sim=0.9290)
  ← 常规固定外形飞行器的外形优化  (sim=0.9209)

标准名: 【机翼折叠变体】 (共 3 个)
  ← 传统的机翼折叠变体  (sim=1.0000)
  ← 折叠机翼变体方式  (sim=0.9422)

标准名: 【伸缩机翼】 (共 3 个)
  ← 伸缩式机翼  (sim=1.0000)
  ← 机翼的伸缩  (sim=0.9247)

标准名: 【飞机低速和高速飞行性能】 (共 3 个)
  ← 低速和高速飞行时的性能要求  (sim=1.0000)
  ← 飞机低速和高速飞行性能的提高  (sim=0.9240)

标准名: 【低速飞行】 (共 3 个)
  ← 低速飞行器  (sim=0.9391)
  ← 低飞行速度  (sim=0.9290)

标准名: 【俯仰控制效率】 (共 3 个)
  ← 更高俯仰控制效率  (sim=0.9566)
  ← 更高的俯仰控制效率  (sim=0.9534)

标准名: 【偏航力矩】 (共 3 个)
  ← 偏航力矩系数  (sim=0.9309)
  ← 最大偏航力矩  (sim=0.9384)

标准名: 【变体气动布局设计】 (共 3 个)
  ← 先进变体气动布局设计  (sim=1.0000)
  ← 变体飞行器气动布局设计  (sim=0.9258)

标准名: 【先进变体结构】 (共 3 个)
  ← 先进变体结构中的应用  (sim=0.9380)
  ← 先进变体结构概念  (sim=0.9546)

标准名: 【具有连续蒙皮的伸缩机翼】 (共 3 个)
  ← 具有连续蒙皮的伸缩机翼方案  (sim=0.9704)
  ← 具有连续蒙皮的伸缩翼方案  (sim=0.9431)

标准名: 【减小翼展】 (共 3 个)
  ← 缩减 50%翼展  (sim=0.9213)
  ← 翼展的降低  (sim=0.9234)

标准名: 【副翼铰链力矩】 (共 3 个)
  ← 翼-翼尖铰链力矩  (sim=0.9222)
  ← 翼身铰链力矩  (sim=0.9473)

标准名: 【动态气动性能预测】 (共 3 个)
  ← 动态气动参数预测方法  (sim=1.0000)
  ← 动态气动参数预测模型  (sim=0.9692)

标准名: 【气动干扰】 (共 3 个)
  ← 动态气动干扰  (sim=1.0000)
  ← 气动扰动  (sim=0.9208)

标准名: 【非定常气动力建模】 (共 3 个)
  ← 动态非线性气动力建模方法  (sim=1.0000)
  ← 非线性、非定常气动力建模  (sim=0.9648)

标准名: 【非定常气动力降阶模型】 (共 3 个)
  ← 动态非线性气动力降阶模型  (sim=1.0000)
  ← 基于非线性系统辨识理论的动态非线性气动力降阶模型  (sim=0.9354)

标准名: 【升力下降】 (共 3 个)
  ← 升力减小  (sim=0.9370)
  ← 升力降低  (sim=0.9791)

标准名: 【升力损失】 (共 3 个)
  ← 损失升力  (sim=0.9793)
  ← 损失的升力  (sim=0.9563)

标准名: 【参数化模型预测控制】 (共 3 个)
  ← 参数化模型预测控制策略  (sim=0.9639)
  ← 参数化模型预测控制问题  (sim=0.9637)

标准名: 【双翼的气动特性】 (共 3 个)
  ← 双翼飞机的气动特性  (sim=0.9672)
  ← 飞机在双翼布局下的气动性能  (sim=0.9370)

标准名: 【变体机构】 (共 3 个)
  ← 变形机构  (sim=0.9286)
  ← 变构机构  (sim=0.9441)

标准名: 【变体飞行器大尺度变形】 (共 3 个)
  ← 大尺度变形的变体飞行器  (sim=0.9833)
  ← 连续大尺度、多维度变形的变体飞行器  (sim=0.9386)

标准名: 【智能变形决策与飞行控制】 (共 3 个)
  ← 变体飞行器智能变形决策与飞行控制  (sim=1.0000)
  ← 变体飞行器的智能变形决策与飞行控制  (sim=0.9971)

标准名: 【变体飞行器构件】 (共 3 个)
  ← 变体飞行器部件  (sim=0.9636)
  ← 新型变体飞行器构件  (sim=0.9716)

标准名: 【变体飞行器网格重构】 (共 3 个)
  ← 多维度变体飞行器网格重构  (sim=0.9685)
  ← 多维度变体飞行器网格重构领域  (sim=0.9424)

标准名: 【变后掠飞行器】 (共 3 个)
  ← 可变后掠机翼飞行器  (sim=0.9317)
  ← 可变后掠飞行器  (sim=0.9795)

标准名: 【变形翼】 (共 3 个)
  ← 变形机翼  (sim=1.0000)
  ← 可变形机翼  (sim=0.9536)

标准名: 【变形结构】 (共 3 个)
  ← 可变形结构  (sim=0.9247)
  ← 结构变形  (sim=0.9482)

标准名: 【扭转机翼】 (共 3 个)
  ← 变机翼扭转  (sim=1.0000)
  ← 机翼扭转  (sim=0.9493)

标准名: 【可变前掠机翼技术】 (共 3 个)
  ← 可变前掠机翼技术方案  (sim=0.9782)
  ← 可变前掠机翼方案  (sim=0.9554)

标准名: 【增加机翼结构重量】 (共 3 个)
  ← 机翼的结构重量增加  (sim=0.9459)
  ← 机翼结构重量增加  (sim=0.9498)

标准名: 【飞机展弦比】 (共 3 个)
  ← 增大飞机的展弦比  (sim=1.0000)
  ← 飞机的展弦比  (sim=0.9377)

标准名: 【外形优化】 (共 3 个)
  ← 外形优化效果  (sim=0.9318)
  ← 外形优化设计  (sim=0.9634)

标准名: 【多学科耦合设计】 (共 3 个)
  ← 多学科耦合一体化设计  (sim=1.0000)
  ← 多学科耦合一体化设计技术  (sim=0.9711)

标准名: 【柔性变形】 (共 3 个)
  ← 多维度柔性变形  (sim=1.0000)
  ← 多维度柔性变形阶段  (sim=0.9426)

标准名: 【自学习模型预测控制】 (共 3 个)
  ← 学习模型预测控制方法  (sim=1.0000)
  ← 自学习模型预测控制方法  (sim=0.9377)

标准名: 【客机】 (共 3 个)
  ← 航空  (sim=0.9249)
  ← 飞机  (sim=0.9386)

标准名: 【长航时飞行器】 (共 3 个)
  ← 巡航高度较高的长航时飞行器  (sim=1.0000)
  ← 高空长航时飞行器  (sim=0.9349)

标准名: 【平动方程】 (共 3 个)
  ← 平动动力学方程  (sim=1.0000)
  ← 平动运动方程  (sim=0.9482)

标准名: 【形状变化】 (共 3 个)
  ← 形状改变  (sim=0.9645)
  ← 形状的变化  (sim=0.9809)

标准名: 【铰链力矩】 (共 3 个)
  ← 总铰链力矩  (sim=1.0000)
  ← 连接处铰链力矩  (sim=0.9304)

标准名: 【扑翼飞行器飞行动力学】 (共 3 个)
  ← 扑翼飞行器飞行动力学建模  (sim=0.9226)
  ← 扑翼飞行器飞行动力学模型  (sim=0.9641)

标准名: 【扩大飞行包线】 (共 3 个)
  ← 扩展飞行包线  (sim=0.9491)
  ← 拓宽飞机的飞行包线  (sim=0.9476)

标准名: 【抗扭刚度】 (共 3 个)
  ← 抗扭强度  (sim=0.9508)
  ← 抗扭性能  (sim=0.9204)

标准名: 【抗风性能】 (共 3 个)
  ← 抗风能力  (sim=0.9599)
  ← 高抗风性能  (sim=0.9429)

标准名: 【折叠翼】 (共 3 个)
  ← 折叠机翼  (sim=1.0000)
  ← 机翼的折叠  (sim=0.9592)

标准名: 【折叠机翼技术】 (共 3 个)
  ← 折叠翼尖技术  (sim=0.9248)
  ← 翼尖折叠技术  (sim=0.9328)

标准名: 【拉格朗日方法】 (共 3 个)
  ← 拉格朗日日方法  (sim=0.9674)
  ← 拉格朗日日等方法  (sim=0.9319)

标准名: 【控制飞行】 (共 3 个)
  ← 飞行器控制  (sim=0.9203)
  ← 飞行控制  (sim=0.9613)

标准名: 【气动效率】 (共 3 个)
  ← 提高气动效率  (sim=1.0000)
  ← 更高的气动效率  (sim=0.9504)

标准名: 【旋转运动方程】 (共 3 个)
  ← 旋转动力学方程  (sim=1.0000)
  ← 转动运动动力学方程  (sim=0.9224)

标准名: 【智能材料与结构】 (共 3 个)
  ← 智能材料与智能结构技术  (sim=1.0000)
  ← 智能材料与结构技术  (sim=0.9908)

标准名: 【柔性机翼】 (共 3 个)
  ← 智能柔性可变形机翼  (sim=1.0000)
  ← 智能柔性机翼  (sim=0.9737)

标准名: 【行动-值函数】 (共 3 个)
  ← 最佳行动-值函数  (sim=1.0000)
  ← 行动 - 值函数  (sim=0.9208)

标准名: 【机动飞行】 (共 3 个)
  ← 机动飞行动作  (sim=0.9441)
  ← 飞行机动  (sim=0.9528)

标准名: 【机翼参数】 (共 3 个)
  ← 机翼平面参数  (sim=0.9252)
  ← 飞机的机翼设计参数  (sim=0.9349)

标准名: 【机翼变形】 (共 3 个)
  ← 机翼变形方式  (sim=0.9219)
  ← 活动机翼的变形  (sim=0.9212)

标准名: 【机翼的升力】 (共 3 个)
  ← 机翼的升力分布  (sim=0.9475)
  ← 机翼的升力大小  (sim=0.9767)

标准名: 【柔性变形飞行器】 (共 3 个)
  ← 柔性变形飞行器领域  (sim=0.9310)
  ← 柔性组合变体飞行器  (sim=0.9451)

标准名: 【模型预测控制】 (共 3 个)
  ← 模型预测控制器  (sim=0.9560)
  ← 模型预测控制策略  (sim=0.9437)

标准名: 【模态分析法】 (共 3 个)
  ← 模态分析方法  (sim=1.0000)
  ← 模态分析法与模态分析  (sim=0.9358)

标准名: 【气动优化】 (共 3 个)
  ← 气动优化设计  (sim=0.9592)
  ← 气动性能优化  (sim=0.9674)

标准名: 【气动伺服弹性分析】 (共 3 个)
  ← 气动伺服弹性系统  (sim=0.9366)
  ← 气动伺服弹性设计  (sim=0.9523)

标准名: 【气动模型】 (共 3 个)
  ← 气动力模型  (sim=1.0000)
  ← 空气动力模型  (sim=0.9311)

标准名: 【气动参数响应模型】 (共 3 个)
  ← 非线性气动参数响应模型  (sim=0.9358)
  ← 高效、非线性气动参数响应模型  (sim=0.9357)

标准名: 【气动性】 (共 3 个)
  ← 气动性能  (sim=0.9500)
  ← 气动特性  (sim=0.9579)

标准名: 【气动收益】 (共 3 个)
  ← 气动效应收益  (sim=0.9564)
  ← 良好的气动效应收益  (sim=0.9262)

标准名: 【活动机翼负载】 (共 3 个)
  ← 活动机翼的气动负载  (sim=1.0000)
  ← 降低活动机翼的气动负载  (sim=0.9435)

标准名: 【流体力学】 (共 3 个)
  ← 流体动力学  (sim=0.9686)
  ← 流体物理  (sim=0.9295)

标准名: 【航向静稳定性】 (共 3 个)
  ← 确定飞行器的航向静稳定性  (sim=1.0000)
  ← 飞行器的航向静稳定性  (sim=0.9811)

标准名: 【神经网络控制】 (共 3 个)
  ← 神经网络控制器  (sim=0.9520)
  ← 神经网络控制方法  (sim=0.9264)

标准名: 【静稳定裕度】 (共 3 个)
  ← 纵向静稳定裕度  (sim=1.0000)
  ← 飞行器纵向静稳定裕度  (sim=0.9333)

标准名: 【结构舵PID控制器】 (共 3 个)
  ← 结构舵PID控制设计方法  (sim=0.9393)
  ← 结构舵的PID控制器  (sim=0.9929)

标准名: 【自适应增强学习控制器】 (共 3 个)
  ← 自适应增强学习控制器及其相关结构  (sim=0.9442)
  ← 自适应强化学习控制器  (sim=0.9827)

标准名: 【航天运输】 (共 3 个)
  ← 航天运输技术  (sim=0.9380)
  ← 航天运输系统  (sim=0.9503)

标准名: 【计算流体力学】 (共 3 个)
  ← 计算流体力学方法  (sim=0.9415)
  ← 计算流体动力学  (sim=0.9823)

标准名: 【诱导阻力】 (共 3 个)
  ← 诱导阻力系数  (sim=0.9278)
  ← 降低诱导阻力  (sim=0.9443)

标准名: 【起飞总重】 (共 3 个)
  ← 起飞重量  (sim=0.9434)
  ← 飞机的起飞总重  (sim=0.9541)

标准名: 【超声速飞行】 (共 3 个)
  ← 超/高超声速飞行  (sim=1.0000)
  ← 超声速飞行器  (sim=0.9416)

标准名: 【连杆的刚度】 (共 3 个)
  ← 连杆的刚度和变形特性  (sim=0.9418)
  ← 连杆的强度  (sim=0.9582)

标准名: 【长航时飞机】 (共 3 个)
  ← 长航时飞行  (sim=0.9427)
  ← 高空长航时飞机  (sim=0.9567)

标准名: 【非线性控制】 (共 3 个)
  ← 非线性控制器  (sim=0.9379)
  ← 非线性控制系统  (sim=0.9286)

标准名: 【马氏体相变和再取向】 (共 3 个)
  ← 马氏体再方取向性和相变  (sim=1.0000)
  ← 马氏体相变和再取向性  (sim=0.9640)

标准名: 【驱动器】 (共 3 个)
  ← 驱动系统  (sim=0.9205)
  ← 驱动装置  (sim=0.9234)

标准名: 【鸥翼飞行器】 (共 3 个)
  ← 鸥型翼飞行器  (sim=1.0000)
  ← 鸥形翼飞行器  (sim=0.9837)

标准名: 【$A^*$ 算法】 (共 2 个)
  ← 标准 $A^*$ 算法  (sim=0.9223)

标准名: 【\frac{\partial \boldsymbol{x}}{\partial \boldsymbol{\theta}}】 (共 2 个)
  ← $\frac{\partial \boldsymbol{x}}{\partial \boldsymbol{\theta}}$  (sim=1.0000)

标准名: 【$\text{ROI}(x)】 (共 2 个)
  ← $\text{ROI}(x)$  (sim=0.9950)

标准名: 【20%】 (共 2 个)
  ← 20%左右  (sim=0.9265)

标准名: 【2000L】 (共 2 个)
  ← 2000L 以内  (sim=0.9359)

标准名: 【自适应 Runge-Kuttas 算法】 (共 2 个)
  ← 4~5 阶自适应 Runge-Kuttas 算法  (sim=1.0000)

标准名: 【50%】 (共 2 个)
  ← 50%以上  (sim=0.9363)

标准名: 【A】 (共 2 个)
  ← a  (sim=1.0000)

标准名: 【A-RLC 架构的学习和航迹跟踪】 (共 2 个)
  ← A-RLC 架构的学习和航迹跟踪性能  (sim=0.9707)

标准名: 【ACADO 多学科总体设计平台】 (共 2 个)
  ← 多学科总体设计工具 ACADO  (sim=0.9534)

标准名: 【ACTE襟翼】 (共 2 个)
  ← ACTE 襟翼  (sim=1.0000)

标准名: 【Aerodynamic Analyses】 (共 2 个)
  ← AVL-aerodynamic analysis  (sim=1.0000)

标准名: 【Aerodynamic modeling】 (共 2 个)
  ← aeroelastic modeling  (sim=0.9433)

标准名: 【Aircraft structural morphing】 (共 2 个)
  ← morphing aircraft structures  (sim=0.9251)

标准名: 【Lyapunov function-based dynamic surface control】 (共 2 个)
  ← Asymmetric integral barrier Lyapunov function-based dynamic surface control  (sim=1.0000)

标准名: 【aeroelastic devices】 (共 2 个)
  ← Automatic aeroelastic devices  (sim=1.0000)

标准名: 【B-1】 (共 2 个)
  ← B_1  (sim=0.9229)

标准名: 【Bio-inspired design】 (共 2 个)
  ← bio-inspired design  (sim=1.0000)

标准名: 【CFD calculation】 (共 2 个)
  ← CFD calculations  (sim=0.9932)

标准名: 【CFD 数值方法】 (共 2 个)
  ← CFD数值模拟方法  (sim=0.9218)

标准名: 【CFD 非定常方法】 (共 2 个)
  ← 非定常 CFD 计算方法  (sim=0.9539)

标准名: 【Computational aerodynamics】 (共 2 个)
  ← computational aerodynamics  (sim=1.0000)

标准名: 【Continuous Optimization】 (共 2 个)
  ← continuous optimization  (sim=1.0000)

标准名: 【结构和控制】 (共 2 个)
  ← Control/structure  (sim=1.0000)

标准名: 【DEP 系统】 (共 2 个)
  ← DEP

系统  (sim=1.0000)

标准名: 【Deep reinforcement learning】 (共 2 个)
  ← deep reinforcement learning  (sim=1.0000)

标准名: 【Elastic joints】 (共 2 个)
  ← elastic joints  (sim=1.0000)

标准名: 【engineering application】 (共 2 个)
  ← Engineering Applications  (sim=1.0000)

标准名: 【F-14】 (共 2 个)
  ← F-14 飞机  (sim=0.9556)

标准名: 【Fault tolerant control allocation】 (共 2 个)
  ← fault tolerant control allocation  (sim=1.0000)

标准名: 【structured adaptive model inversion controller】 (共 2 个)
  ← Fault tolerant structured adaptive model inversion control  (sim=1.0000)

标准名: 【flapping wing】 (共 2 个)
  ← Flapping wing flight  (sim=1.0000)

标准名: 【Flight dynamic modeling】 (共 2 个)
  ← Flight dynamic modeling and control  (sim=0.9467)

标准名: 【Flight dynamics】 (共 2 个)
  ← flight dynamics  (sim=1.0000)

标准名: 【Fuselage】 (共 2 个)
  ← fuselage  (sim=1.0000)

标准名: 【Fuzzy disturbance observer-based fixed-time sliding mode control】 (共 2 个)
  ← fuzzy disturbance observer-based fixed-time sliding mode control  (sim=1.0000)

标准名: 【ISR 任务】 (共 2 个)
  ← 执行 ISR 任务  (sim=0.9505)

标准名: 【Insecta】 (共 2 个)
  ← insecta  (sim=1.0000)

标准名: 【Kane 公式】 (共 2 个)
  ← Kane 公式方法  (sim=0.9796)

标准名: 【L2增益】 (共 2 个)
  ← L2增益性能  (sim=0.9549)

标准名: 【LPV系统】 (共 2 个)
  ← LPV 系统  (sim=1.0000)

标准名: 【LQR 控制】 (共 2 个)
  ← LQR 控制器  (sim=0.9526)

标准名: 【L_Sub_Ctrl】 (共 2 个)
  ← R_Sub_Ctrl  (sim=0.9218)

标准名: 【Lagoudas】 (共 2 个)
  ← Lagoudas D  (sim=0.9439)

标准名: 【Lift】 (共 2 个)
  ← lift  (sim=1.0000)

标准名: 【Lift-to-drag ratio】 (共 2 个)
  ← lift-to-drag ratio  (sim=1.0000)

标准名: 【MATLAB】 (共 2 个)
  ← matlab  (sim=1.0000)

标准名: 【MAV applications】 (共 2 个)
  ← MAV applications.  (sim=0.9720)

标准名: 【MFX-2】 (共 2 个)
  ← MFX-1、MFX-2  (sim=1.0000)

标准名: 【Ma=3.0 Deflectable nose】 (共 2 个)
  ← Ma=6.0 Deflectable nose  (sim=0.9639)

标准名: 【Mechanical properties】 (共 2 个)
  ← mechanical properties  (sim=1.0000)

标准名: 【Modeling】 (共 2 个)
  ← modeling  (sim=1.0000)

标准名: 【Morphing aircraft control】 (共 2 个)
  ← Switching control of morphing aircraft  (sim=0.9231)

标准名: 【Morphing envelope】 (共 2 个)
  ← morphing envelope  (sim=1.0000)

标准名: 【Morphing process】 (共 2 个)
  ← morphing process  (sim=1.0000)

标准名: 【NJ】 (共 2 个)
  ← NJ.  (sim=0.9411)

标准名: 【New Jersey】 (共 2 个)
  ← New Jersey.  (sim=0.9562)

标准名: 【NiTi 合金】 (共 2 个)
  ← NiTi 合金铪  (sim=0.9322)

标准名: 【Non-hierarchical multi-model fusion order reduction】 (共 2 个)
  ← non-hierarchical multi-model fusion order reduction  (sim=1.0000)

标准名: 【PID 控制】 (共 2 个)
  ← PID 控制方法  (sim=0.9283)

标准名: 【Parameterized modeling methodology】 (共 2 个)
  ← parameterized modeling methodology  (sim=1.0000)

标准名: 【Parametric aeroelastic modeling】 (共 2 个)
  ← structural and aeroelastic modeling  (sim=0.9229)

标准名: 【Point】 (共 2 个)
  ← point  (sim=1.0000)

标准名: 【Pressure distribution】 (共 2 个)
  ← pressure distribution  (sim=1.0000)

标准名: 【Q】 (共 2 个)
  ← q  (sim=1.0000)

标准名: 【Reinforcement learning】 (共 2 个)
  ← reinforcement learning  (sim=1.0000)

标准名: 【SMA actuator】 (共 2 个)
  ← SMA actuators  (sim=0.9697)

标准名: 【SMA 驱动襟翼】 (共 2 个)
  ← SMA 丝驱动襟翼  (sim=1.0000)

标准名: 【SMA 体求解领域】 (共 2 个)
  ← 考虑 SMA 体求解领域  (sim=0.9761)

标准名: 【SMA 迟滞性】 (共 2 个)
  ← SMA 动态迟滞  (sim=1.0000)

标准名: 【SMA 回滞】 (共 2 个)
  ← 减少 SMA 回滞  (sim=0.9403)

标准名: 【SMA 弹簧驱动器】 (共 2 个)
  ← SMA 弹簧形式驱动器  (sim=1.0000)

标准名: 【SMA 驱动】 (共 2 个)
  ← SMA 驱动器  (sim=0.9749)

标准名: 【SST 湍流模型】 (共 2 个)
  ← 二阶 SST 湍流模型  (sim=0.9412)

标准名: 【Self-learning Model Predictive Attitude Control Method】 (共 2 个)
  ← self-learning model predictive attitude control method  (sim=1.0000)

标准名: 【Smart Materials and Structures】 (共 2 个)
  ← smart materials and structures  (sim=1.0000)

标准名: 【Space power generation】 (共 2 个)
  ← space power generation  (sim=1.0000)

标准名: 【Structured adaptive model inversion】 (共 2 个)
  ← structured adaptive model inversion  (sim=1.0000)

标准名: 【U型槽】 (共 2 个)
  ← U 型槽  (sim=1.0000)

标准名: 【UAV】 (共 2 个)
  ← uav  (sim=1.0000)

标准名: 【USA】 (共 2 个)
  ← USA.  (sim=0.9641)

标准名: 【V 型尾翼】 (共 2 个)
  ← V 形尾翼  (sim=0.9929)

标准名: 【V 尾】 (共 2 个)
  ← “V”尾  (sim=0.9386)

标准名: 【Wing】 (共 2 个)
  ← wing  (sim=1.0000)

标准名: 【\Omega_1】 (共 2 个)
  ← \Omega_2  (sim=0.9212)

标准名: 【\hat{p}_2】 (共 2 个)
  ← \hat{q}_2  (sim=0.9386)

标准名: 【\pi'】 (共 2 个)
  ← \pi''  (sim=0.9679)

标准名: 【actuation mechanisms】 (共 2 个)
  ← complex actuation mechanisms  (sim=0.9276)

标准名: 【adaptive-reinforcement learning control】 (共 2 个)
  ← ed adaptive-reinforcement learning control  (sim=0.9330)

标准名: 【aerodynamic and aerothermodynamic charac】 (共 2 个)
  ← aerodynamic and aerothermodynamic characteristics  (sim=0.9485)

标准名: 【aerodynamic changes】 (共 2 个)
  ← aerodynamic variation  (sim=0.9588)

标准名: 【aerodynamic characteristics】 (共 2 个)
  ← dynamic aerodynamic characteristics  (sim=0.9562)

标准名: 【aerodynamic-driven morphing aircraf】 (共 2 个)
  ← aerodynamic-driven morphing aircraft  (sim=0.9452)

标准名: 【dynamic-driven morphing aircraft】 (共 2 个)
  ← aerodynamic-driven morphing variant aircraft  (sim=1.0000)

标准名: 【aircraft development exploration】 (共 2 个)
  ← aircraft configuration development  (sim=1.0000)

标准名: 【aircraft performance】 (共 2 个)
  ← high performance aircraft  (sim=0.9376)

标准名: 【alloy】 (共 2 个)
  ← alloys  (sim=0.9613)

标准名: 【multiple flight missions】 (共 2 个)
  ← ance of multiple flight missions  (sim=1.0000)

标准名: 【automated cruise flap】 (共 2 个)
  ← stable automated cruise flap  (sim=0.9610)

标准名: 【forward-swept wing】 (共 2 个)
  ← backward-swept wing  (sim=1.0000)

标准名: 【calculation】 (共 2 个)
  ← calculations  (sim=0.9760)

标准名: 【configuration】 (共 2 个)
  ← configurations  (sim=0.9809)

标准名: 【deformation】 (共 2 个)
  ← contour deformation  (sim=1.0000)

标准名: 【control surface】 (共 2 个)
  ← control surfaces  (sim=0.9878)

标准名: 【cost】 (共 2 个)
  ← costs  (sim=0.9806)

标准名: 【deflecti】 (共 2 个)
  ← deflection  (sim=0.9240)

标准名: 【stability analysis】 (共 2 个)
  ← dynamic stability analysis  (sim=1.0000)

标准名: 【eVTOL concepts】 (共 2 个)
  ← optimization of eVTOL concepts  (sim=0.9397)

标准名: 【fixed wing】 (共 2 个)
  ← fixed wings  (sim=0.9767)

标准名: 【flight control system】 (共 2 个)
  ← flight control systems  (sim=0.9897)

标准名: 【wing folding】 (共 2 个)
  ← folding wing-tip  (sim=1.0000)

标准名: 【force】 (共 2 个)
  ← forces  (sim=0.9452)

标准名: 【gull-wing aircraft】 (共 2 个)
  ← gull-wing aircraft wings  (sim=0.9716)

标准名: 【high aspect ratio】 (共 2 个)
  ← high aspect ratios  (sim=0.9803)

标准名: 【high-altitude aircraft】 (共 2 个)
  ← high aspect ratio aircraft  (sim=1.0000)

标准名: 【ic-driven】 (共 2 个)
  ← ic-driven morphing  (sim=0.9403)

标准名: 【insect wings】 (共 2 个)
  ← insect wing folding  (sim=1.0000)

标准名: 【smart structures】 (共 2 个)
  ← intelligent structures  (sim=1.0000)

标准名: 【lift loss】 (共 2 个)
  ← loss of lift  (sim=0.9314)

标准名: 【machine learning】 (共 2 个)
  ← machine learning technology  (sim=0.9502)

标准名: 【maximum lift coefficient】 (共 2 个)
  ← maximum lift coefficient loss  (sim=0.9215)

标准名: 【mechanism】 (共 2 个)
  ← mechanisms  (sim=0.9907)

标准名: 【meta-learning-based morphing aircraft intelligent control】 (共 2 个)
  ← meta-learning-based morphing aircraft intelligent control design method  (sim=0.9477)

标准名: 【method】 (共 2 个)
  ← methods  (sim=0.9440)

标准名: 【model predictive control】 (共 2 个)
  ← nonlinear model predictive control  (sim=0.9260)

标准名: 【morphing airfoil】 (共 2 个)
  ← morphing airfoils  (sim=0.9770)

标准名: 【morphing technology】 (共 2 个)
  ← morphing technologies  (sim=1.0000)

标准名: 【morphing wing】 (共 2 个)
  ← morphing wings  (sim=0.9800)

标准名: 【strong coupling integrated design system】 (共 2 个)
  ← multidisciplinary strong coupling integrated design system  (sim=1.0000)

标准名: 【node】 (共 2 个)
  ← nodes  (sim=0.9594)

标准名: 【nonlinear programming】 (共 2 个)
  ← nonlinear programming.  (sim=0.9641)

标准名: 【shape memory effect】 (共 2 个)
  ← one-way shape memory effect  (sim=1.0000)

标准名: 【perform】 (共 2 个)
  ← performance  (sim=0.9591)

标准名: 【plane】 (共 2 个)
  ← planes  (sim=0.9593)

标准名: 【propeller】 (共 2 个)
  ← propellers  (sim=0.9619)

标准名: 【rotor blade】 (共 2 个)
  ← rotor blades  (sim=0.9835)

标准名: 【shape optimization】 (共 2 个)
  ← us shape optimization  (sim=0.9433)

标准名: 【technology】 (共 2 个)
  ← technologies  (sim=1.0000)

标准名: 【theta】 (共 2 个)
  ← theta}  (sim=0.9793)

标准名: 【trapezoidal wing】 (共 2 个)
  ← trapezoidal wings  (sim=0.9915)

标准名: 【two way memory effect】 (共 2 个)
  ← two-way shape memory effect  (sim=0.9463)

标准名: 【variable sweep】 (共 2 个)
  ← variable-sweep morphing  (sim=0.9405)

标准名: 【variable sweep wing】 (共 2 个)
  ← variable sweep wing scheme  (sim=0.9317)

标准名: 【weight】 (共 2 个)
  ← weight.  (sim=0.9244)

标准名: 【wind tunnel test】 (共 2 个)
  ← wind tunnel testing  (sim=0.9777)

标准名: 【wingtip】 (共 2 个)
  ← wingtips  (sim=0.9699)

标准名: 【等原子镍钛丝】 (共 2 个)
  ← 一束等原子镍钛丝  (sim=1.0000)

标准名: 【参数化建模方法】 (共 2 个)
  ← 三维参数化建模方法  (sim=1.0000)

标准名: 【三维空气动力学特性】 (共 2 个)
  ← 二维空气动力学特性  (sim=0.9282)

标准名: 【三部分解耦控制】 (共 2 个)
  ← 三部分解耦控制的控制方案  (sim=0.9623)

标准名: 【上机翼弯度】 (共 2 个)
  ← 上下机翼的不同弯度  (sim=1.0000)

标准名: 【上机翼弦长】 (共 2 个)
  ← 上下机翼的弦长大小  (sim=1.0000)

标准名: 【上机翼上反】 (共 2 个)
  ← 上机翼的上反  (sim=0.9808)

标准名: 【下扰观测器】 (共 2 个)
  ← 改进的下扰观测器  (sim=0.9356)

标准名: 【不可压缩流】 (共 2 个)
  ← 不可压缩气流  (sim=1.0000)

标准名: 【连杆在弯矩和扭矩作用下的变形情况】 (共 2 个)
  ← 不同尺寸的连杆在最大弯矩和最大扭矩作用下的变形情况  (sim=1.0000)

标准名: 【不同构型】 (共 2 个)
  ← 不同的构型  (sim=0.9861)

标准名: 【飞行环境】 (共 2 个)
  ← 不同的飞行环境  (sim=1.0000)

标准名: 【对称偏转】 (共 2 个)
  ← 不对称偏转  (sim=1.0000)

标准名: 【扰动的力和力矩】 (共 2 个)
  ← 与力和力矩有关的扰动  (sim=1.0000)

标准名: 【平滑切换】 (共 2 个)
  ← 专属平滑切换  (sim=1.0000)

标准名: 【气动参数】 (共 2 个)
  ← 主要气动参数的确定  (sim=1.0000)

标准名: 【变几何进气道】 (共 2 个)
  ← 二元式变几何进气道  (sim=1.0000)

标准名: 【互相干扰】 (共 2 个)
  ← 相互干扰  (sim=0.9946)

标准名: 【超声速飞行性能】 (共 2 个)
  ← 亚/跨/超/高超声速飞行性能  (sim=1.0000)

标准名: 【收益代价】 (共 2 个)
  ← 代价与收益  (sim=1.0000)

标准名: 【约束方程】 (共 2 个)
  ← 代数约束方程  (sim=1.0000)

标准名: 【任务剖面】 (共 2 个)
  ← 多个不同的任务剖面  (sim=0.9330)

标准名: 【自适应机翼】 (共 2 个)
  ← 任务自适应机翼  (sim=1.0000)

标准名: 【仿生变体】 (共 2 个)
  ← 仿生变体概念  (sim=0.9230)

标准名: 【优化】 (共 2 个)
  ← 优化方法  (sim=0.9260)

标准名: 【优化设计】 (共 2 个)
  ← 优化和设计  (sim=1.0000)

标准名: 【优化控制策略】 (共 2 个)
  ← 最优控制策略  (sim=0.9246)

标准名: 【传统变体方式】 (共 2 个)
  ← 传统的变体方式  (sim=0.9861)

标准名: 【流动控制方案】 (共 2 个)
  ← 传统流动控制方案  (sim=1.0000)

标准名: 【伪弹性】 (共 2 个)
  ← 伪弹性效应  (sim=0.9402)

标准名: 【伪弹性 SMA 连杆】 (共 2 个)
  ← 安置伪弹性 SMA 连杆  (sim=0.9456)

标准名: 【伪随机数方法】 (共 2 个)
  ← 伪随机序列方法  (sim=1.0000)

标准名: 【伺服电机】 (共 2 个)
  ← 伺服电动机  (sim=1.0000)

标准名: 【伺服约束】 (共 2 个)
  ← 使用伺服约束  (sim=0.9476)

标准名: 【低速性能】 (共 2 个)
  ← 低速特性  (sim=0.9639)

标准名: 【斜置机翼飞机】 (共 2 个)
  ← 低速斜置机翼飞机  (sim=1.0000)

标准名: 【低速翼型】 (共 2 个)
  ← 低速翼型性能  (sim=0.9513)

标准名: 【动器直接驱动变体】 (共 2 个)
  ← 作动器直接驱动变体  (sim=1.0000)

标准名: 【悬停和高飞行控制】 (共 2 个)
  ← 使悬停和高飞行控制  (sim=1.0000)

标准名: 【使用维护成本】 (共 2 个)
  ← 使用与维护成本  (sim=1.0000)

标准名: 【补充控制器】 (共 2 个)
  ← 供补充控制器  (sim=1.0000)

标准名: 【俯仰角速度】 (共 2 个)
  ← 俯仰角速率  (sim=0.9801)

标准名: 【倾转旋翼飞行器】 (共 2 个)
  ← 倾转机翼飞行器  (sim=0.9531)

标准名: 【倾转机翼】 (共 2 个)
  ← 机翼的倾转  (sim=0.9224)

标准名: 【偏航性能和侧向稳定性】 (共 2 个)
  ← 提高偏航性能和侧向稳定性  (sim=0.9407)

标准名: 【偏转弹头】 (共 2 个)
  ← 弹头偏转  (sim=0.9676)

标准名: 【偏转弹头技术】 (共 2 个)
  ← 自适应偏转弹头技术  (sim=0.9269)

标准名: 【偏转襟翼】 (共 2 个)
  ← 襟翼偏转  (sim=0.9618)

标准名: 【变体飞机】 (共 2 个)
  ← 全变体飞机  (sim=1.0000)

标准名: 【最大起飞重量】 (共 2 个)
  ← 全机最大起飞重量  (sim=1.0000)

标准名: 【翅膀变形】 (共 2 个)
  ← 全翅膀变形  (sim=1.0000)

标准名: 【全飞行仿真】 (共 2 个)
  ← 全过程飞行仿真  (sim=1.0000)

标准名: 【其他变体方式】 (共 2 个)
  ← 其他现有变体方式  (sim=0.9433)

标准名: 【内副翼】 (共 2 个)
  ← 内侧副翼  (sim=1.0000)

标准名: 【减小摩擦阻力】 (共 2 个)
  ← 降低摩擦阻力  (sim=0.9853)

标准名: 【激波阻力】 (共 2 个)
  ← 减小激波阻力  (sim=1.0000)

标准名: 【减小阻力】 (共 2 个)
  ← 降低阻力  (sim=0.9694)

标准名: 【缩减 50%起降翼展】 (共 2 个)
  ← 减少了 50%起降翼展  (sim=1.0000)

标准名: 【减少飞机的翼根弯矩】 (共 2 个)
  ← 飞机的翼根弯矩增加  (sim=0.9304)

标准名: 【减轻结构重量】 (共 2 个)
  ← 降低结构重量  (sim=0.9757)

标准名: 【几何外形设计】 (共 2 个)
  ← 几何外形设计方法  (sim=0.9489)

标准名: 【函数逼近】 (共 2 个)
  ← 函数逼近法  (sim=0.9561)

标准名: 【柔性多体系统建模】 (共 2 个)
  ← 分布式参数柔性多体系统建模  (sim=1.0000)

标准名: 【分布式电推进技术】 (共 2 个)
  ← 分布式电推进系统  (sim=0.9450)

标准名: 【切换控制】 (共 2 个)
  ← 切换控制器  (sim=0.9473)

标准名: 【空气动力制动】 (共 2 个)
  ← 利用空气动力制动  (sim=1.0000)

标准名: 【翅膀变形控制极度不稳定飞行状态】 (共 2 个)
  ← 利用翅膀变形控制极度不稳定飞行状态  (sim=1.0000)

标准名: 【前向飞行】 (共 2 个)
  ← 向前飞行  (sim=0.9233)

标准名: 【前翅】 (共 2 个)
  ← 前翅膀  (sim=0.9433)

标准名: 【前肢】 (共 2 个)
  ← 前臂  (sim=0.9205)

标准名: 【剪切式滑动蒙皮变后掠翼】 (共 2 个)
  ← 剪切式滑动蒙皮变后掠翼设计与优化  (sim=0.9327)

标准名: 【副翼偏角过大】 (共 2 个)
  ← 副翼的偏转角度过大  (sim=0.9756)

标准名: 【力矩方程】 (共 2 个)
  ← 线性力矩方程  (sim=0.9303)

标准名: 【功率惩罚原则】 (共 2 个)
  ← 小的功率惩罚原则  (sim=0.9358)

标准名: 【动力】 (共 2 个)
  ← 动能  (sim=0.9209)

标准名: 【动力学方程】 (共 2 个)
  ← 动力学微分方程  (sim=1.0000)

标准名: 【动力飞行】 (共 2 个)
  ← 飞行动力  (sim=0.9538)

标准名: 【结构化模型参考自适应控制】 (共 2 个)
  ← 动态逆和结构化模型参考自适应控制  (sim=1.0000)

标准名: 【动态逆控制】 (共 2 个)
  ← 动态逆的控制  (sim=0.9723)

标准名: 【势流理论】 (共 2 个)
  ← 基本势流理论  (sim=0.9400)

标准名: 【水平直线飞行】 (共 2 个)
  ← 匀速直线水平飞行  (sim=1.0000)

标准名: 【升力】 (共 2 个)
  ← 提升升力  (sim=0.9233)

标准名: 【升力曲线】 (共 2 个)
  ← 升力曲线斜率  (sim=0.9239)

标准名: 【升力系数】 (共 2 个)
  ← 最大升力系数  (sim=0.9368)

标准名: 【升力线斜率】 (共 2 个)
  ← 各自的升力线斜率  (sim=0.9439)

标准名: 【升力线理论】 (共 2 个)
  ← 新的升力线理论  (sim=0.9633)

标准名: 【升降舵】 (共 2 个)
  ← 方向升降舵  (sim=0.9388)

标准名: 【单-双折叠翼】 (共 2 个)
  ← 单-双折叠翼飞机  (sim=0.9427)

标准名: 【单-双折叠翼原理验证机】 (共 2 个)
  ← 单-双折叠翼变体原理验证机  (sim=0.9521)

标准名: 【单-双折叠翼变体技术的原理验证】 (共 2 个)
  ← 单-双折叠翼变体概念的可行性和合理性  (sim=0.9307)

标准名: 【单-双折叠翼变体的气动特性研究】 (共 2 个)
  ← 单-双折叠翼变体飞行器变体过程中的空气动力学特性研究  (sim=0.9234)

标准名: 【单-双折叠翼变体飞行器概念】 (共 2 个)
  ← 单-双折叠翼变体飞行器应用场景  (sim=1.0000)

标准名: 【检验单-双折叠翼变体飞行器设计方法】 (共 2 个)
  ← 单-双折叠翼变体飞行器的结构机构设计方案  (sim=1.0000)

标准名: 【单刚体】 (共 2 个)
  ← 单个刚体  (sim=1.0000)

标准名: 【单飞行器】 (共 2 个)
  ← 单体飞行器  (sim=1.0000)

标准名: 【形状记忆效应】 (共 2 个)
  ← 单程形状记忆效应  (sim=1.0000)

标准名: 【单连杆构型双翼】 (共 2 个)
  ← 双连杆构型双翼  (sim=0.9724)

标准名: 【大展弦比平直机翼】 (共 2 个)
  ← 厚大展弦比平直机翼  (sim=1.0000)

标准名: 【验证机的变体飞行试验】 (共 2 个)
  ← 原理验证机的变体飞行试验  (sim=1.0000)

标准名: 【原理验证机的飞行试验】 (共 2 个)
  ← 原理验证机的测试和试飞  (sim=1.0000)

标准名: 【参数化建模】 (共 2 个)
  ← 参数化模型  (sim=0.9488)

标准名: 【连杆几何模型】 (共 2 个)
  ← 参数化的连杆几何模型  (sim=1.0000)

标准名: 【参数学习】 (共 2 个)
  ← 参数学习策略  (sim=0.9263)

标准名: 【参数扫描】 (共 2 个)
  ← 参数扫描方法  (sim=0.9494)

标准名: 【双翼布局飞行器】 (共 2 个)
  ← 双翼布局飞行器设计参数  (sim=0.9220)

标准名: 【双翼机】 (共 2 个)
  ← 双翼飞机  (sim=0.9271)

标准名: 【双翼的升力系数】 (共 2 个)
  ← 双翼的最大升力系数  (sim=0.9824)

标准名: 【反馈控制】 (共 2 个)
  ← 反馈控制器  (sim=0.9326)

标准名: 【变体代价】 (共 2 个)
  ← 变体所付出的代价  (sim=0.9465)

标准名: 【变体动态系统自动化集成规划/控制问题】 (共 2 个)
  ← 解决这类变体动态系统自动化集成规划/控制问题  (sim=0.9565)

标准名: 【变体控制器】 (共 2 个)
  ← 变体子控制器  (sim=1.0000)

标准名: 【变体智能材料驱动器控制】 (共 2 个)
  ← 应用强化学习方法的变体智能材料驱动器控制  (sim=0.9528)

标准名: 【变体机构设计】 (共 2 个)
  ← 变体结构设计  (sim=0.9393)

标准名: 【机翼的变体】 (共 2 个)
  ← 变体机翼概念  (sim=1.0000)

标准名: 【变体机翼模型】 (共 2 个)
  ← 模拟机翼变体  (sim=0.9269)

标准名: 【变体机翼设计】 (共 2 个)
  ← 变体的机翼设计  (sim=0.9843)

标准名: 【平移运动方程】 (共 2 个)
  ← 变体的平移运动方程  (sim=1.0000)

标准名: 【涡格空气动力学】 (共 2 个)
  ← 变体的涡格空气动力学  (sim=1.0000)

标准名: 【变体空气动力学】 (共 2 个)
  ← 变体过程中的空气动力学特性  (sim=0.9350)

标准名: 【变体飞行器】 (共 2 个)
  ← 变体空气飞行器  (sim=1.0000)

标准名: 【变体策略设计】 (共 2 个)
  ← 变体策略优化设计  (sim=1.0000)

标准名: 【变体结构】 (共 2 个)
  ← 结构变体  (sim=0.9664)

标准名: 【变体翼】 (共 2 个)
  ← 完整变体翼  (sim=0.9559)

标准名: 【过载包线】 (共 2 个)
  ← 变体过载包线  (sim=1.0000)

标准名: 【变体速度】 (共 2 个)
  ← 变体速率  (sim=0.9637)

标准名: 【变体飞行器的变形】 (共 2 个)
  ← 变体飞行器变形策略方法  (sim=1.0000)

标准名: 【变体飞行器气动外形设计】 (共 2 个)
  ← 变体飞行器气动外形的快速迭代  (sim=1.0000)

标准名: 【变体飞行器热防护】 (共 2 个)
  ← 高速变体飞行器的热防护  (sim=0.9584)

标准名: 【变构飞行器设计】 (共 2 个)
  ← 变体飞行器的总体设计研究  (sim=1.0000)

标准名: 【变体飞行器纵向动力学】 (共 2 个)
  ← 变形飞行器纵向动力学模型  (sim=0.9407)

标准名: 【变体飞行设计】 (共 2 个)
  ← 变构飞行设计方案  (sim=0.9201)

标准名: 【变体飞行试验】 (共 2 个)
  ← 空中变体试验  (sim=0.9344)

标准名: 【变化质量分布】 (共 2 个)
  ← 质量分布变化  (sim=0.9575)

标准名: 【变后掠翼】 (共 2 个)
  ← 可变后掠翼  (sim=0.9461)

标准名: 【变后掠翼技术】 (共 2 个)
  ← 可变后掠机翼技术  (sim=0.9476)

标准名: 【变展长变体飞行器】 (共 2 个)
  ← 大展弦比变展长变体飞行器  (sim=0.9276)

标准名: 【变弯度】 (共 2 个)
  ← 可变弯度  (sim=0.9428)

标准名: 【变形决策技术】 (共 2 个)
  ← 智能变形决策技术  (sim=0.9338)

标准名: 【变形机翼结构】 (共 2 个)
  ← 变形固定翼结构  (sim=1.0000)

标准名: 【变形控制】 (共 2 个)
  ← 变形控制器  (sim=0.9583)

标准名: 【变构技术】 (共 2 个)
  ← 变形结构技术  (sim=1.0000)

标准名: 【变形飞机】 (共 2 个)
  ← 变形飞行器  (sim=0.9371)

标准名: 【变构方案设计】 (共 2 个)
  ← 变构设计方案  (sim=0.9823)

标准名: 【变构飞行器姿态控制】 (共 2 个)
  ← 跨域变构飞行器姿态控制问题  (sim=0.9373)

标准名: 【飞行器变构型】 (共 2 个)
  ← 变构飞行器模型  (sim=1.0000)

标准名: 【变构飞行方案设计】 (共 2 个)
  ← 变构飞行的总体设计方案  (sim=0.9782)

标准名: 【变翼型厚度】 (共 2 个)
  ← 翼型变厚度  (sim=0.9573)

标准名: 【翼型弯度】 (共 2 个)
  ← 变翼型弯度  (sim=1.0000)

标准名: 【变进气道】 (共 2 个)
  ← 进气道变体  (sim=0.9449)

标准名: 【高超声速宽速域波飞行器】 (共 2 个)
  ← 可变后掠的高超声速宽速域波飞行器  (sim=1.0000)

标准名: 【右翼】 (共 2 个)
  ← 左翼  (sim=0.9450)

标准名: 【叶片扭曲】 (共 2 个)
  ← 叶片扭转  (sim=0.9423)

标准名: 【合金】 (共 2 个)
  ← 金属合金  (sim=0.9295)

标准名: 【后掠】 (共 2 个)
  ← 向后掠  (sim=0.9505)

标准名: 【后掠角】 (共 2 个)
  ← 大后掠角  (sim=0.9286)

标准名: 【后掠角增大】 (共 2 个)
  ← 增大后掠角  (sim=0.9887)

标准名: 【命令滤波】 (共 2 个)
  ← 命令滤波技术  (sim=0.9289)

标准名: 【响应速度】 (共 2 个)
  ← 响应速率  (sim=0.9821)

标准名: 【固定-时间预定性能控制】 (共 2 个)
  ← 固定-时间预定了的性能控制  (sim=1.0000)

标准名: 【固定翼】 (共 2 个)
  ← 固定机翼  (sim=1.0000)

标准名: 【固定翼飞机】 (共 2 个)
  ← 固定翼飞行器  (sim=0.9321)

标准名: 【图形的节点】 (共 2 个)
  ← 图形上的节点  (sim=1.0000)

标准名: 【图论离散化性能图】 (共 2 个)
  ← 通过图论离散化性能图  (sim=0.9812)

标准名: 【有限空间起降】 (共 2 个)
  ← 在有限空间起降  (sim=1.0000)

标准名: 【在线训练】 (共 2 个)
  ← 在线训练方式  (sim=0.9302)

标准名: 【地球上的角动量矢量】 (共 2 个)
  ← 表示地球上的角动量矢量  (sim=0.9851)

标准名: 【学习的智能控制方法】 (共 2 个)
  ← 基于学习的智能控制方法  (sim=1.0000)

标准名: 【强化学习的控制方法】 (共 2 个)
  ← 基于强化学习的控制方法  (sim=1.0000)

标准名: 【基于模型的分级集成规划】 (共 2 个)
  ← 基于模型的分级集成规划和控制方法  (sim=0.9359)

标准名: 【模型的状态估计器】 (共 2 个)
  ← 基于模型的状态估计器  (sim=1.0000)

标准名: 【热流固多场耦合分析】 (共 2 个)
  ← 基于热流固多场耦合分析  (sim=1.0000)

标准名: 【相变温度】 (共 2 个)
  ← 基于相变温度  (sim=1.0000)

标准名: 【基本三角形】 (共 2 个)
  ← 基本三角形的结构  (sim=0.9296)

标准名: 【机翼升力】 (共 2 个)
  ← 增加机翼的升力  (sim=1.0000)

标准名: 【增加活动机翼的重量】 (共 2 个)
  ← 活动机翼的固定机构的增重  (sim=0.9333)

标准名: 【增大连杆】 (共 2 个)
  ← 增大连杆的宽度  (sim=0.9295)

标准名: 【扩大巡航翼展】 (共 2 个)
  ← 增大飞机的巡航翼展  (sim=1.0000)

标准名: 【大展弦比飞行器】 (共 2 个)
  ← 增强大展弦比飞行器的飞行性能  (sim=1.0000)

标准名: 【增强学习】 (共 2 个)
  ← 强化学习  (sim=0.9311)

标准名: 【输入输出约束】 (共 2 个)
  ← 处理输入输出约束  (sim=1.0000)

标准名: 【连续动作问题】 (共 2 个)
  ← 处理连续动作问题  (sim=1.0000)

标准名: 【复式引擎】 (共 2 个)
  ← 复式引擎动力装置  (sim=0.9373)

标准名: 【复杂】 (共 2 个)
  ← 复杂性  (sim=0.9531)

标准名: 【复杂机器学习法】 (共 2 个)
  ← 复杂机器学习算法  (sim=0.9555)

标准名: 【多任务飞行】 (共 2 个)
  ← 复杂环境多任务飞行  (sim=1.0000)

标准名: 【外界干扰】 (共 2 个)
  ← 外部干扰  (sim=0.9677)

标准名: 【多任务能力】 (共 2 个)
  ← 多任务执行能力  (sim=1.0000)

标准名: 【飞行任务需求】 (共 2 个)
  ← 多任务飞行需求  (sim=1.0000)

标准名: 【组合式飞行器】 (共 2 个)
  ← 多体组合式飞行器  (sim=1.0000)

标准名: 【多样化任务】 (共 2 个)
  ← 多样的任务  (sim=0.9511)

标准名: 【多桨倾转机翼飞行器】 (共 2 个)
  ← 小型多桨倾转机翼飞行器  (sim=0.9577)

标准名: 【梁式机翼】 (共 2 个)
  ← 多梁式机翼  (sim=1.0000)

标准名: 【自由度】 (共 2 个)
  ← 多自由度  (sim=1.0000)

标准名: 【多自由度变形】 (共 2 个)
  ← 多自由度变形能力  (sim=0.9414)

标准名: 【大型航空器】 (共 2 个)
  ← 大尺寸的航空器  (sim=0.9375)

标准名: 【大大降低】 (共 2 个)
  ← 显著降低  (sim=0.9319)

标准名: 【大尺度变体】 (共 2 个)
  ← 大尺度连续变体  (sim=0.9254)

标准名: 【大展弦比变展长变体飞行器的设计规律】 (共 2 个)
  ← 大展弦比变展长变体飞行器设计规律研究  (sim=0.9830)

标准名: 【大展弦比飞机】 (共 2 个)
  ← 大展弦比机翼飞机  (sim=1.0000)

标准名: 【大展弦比长航时飞机】 (共 2 个)
  ← 大展弦比长航时飞行器  (sim=0.9396)

标准名: 【大展弦比飞机的舰载起降】 (共 2 个)
  ← 大展弦比飞行器的舰载起降  (sim=0.9660)

标准名: 【太阳能阵列】 (共 2 个)
  ← 太阳能电池阵列  (sim=1.0000)

标准名: 【奇异元的选取】 (共 2 个)
  ← 奇异元的选择  (sim=0.9344)

标准名: 【斯瓦尔德因子】 (共 2 个)
  ← 奥斯瓦尔德因子  (sim=1.0000)

标准名: 【姿态估计】 (共 2 个)
  ← 姿态估计方法  (sim=0.9493)

标准名: 【安全】 (共 2 个)
  ← 安全性  (sim=0.9597)

标准名: 【自适应马氏体】 (共 2 个)
  ← 完全自适应马氏体  (sim=1.0000)

标准名: 【定义节点的影响区域】 (共 2 个)
  ← 节点的大致影响区域  (sim=0.9605)

标准名: 【定常计算】 (共 2 个)
  ← 定常计算结果  (sim=0.9377)

标准名: 【实现方式】 (共 2 个)
  ← 实现方法  (sim=0.9325)

标准名: 【实验相图】 (共 2 个)
  ← 试验相图  (sim=0.9419)

标准名: 【容积侵占】 (共 2 个)
  ← 容积侵占低  (sim=0.9287)

标准名: 【容错控制】 (共 2 个)
  ← 容错控制问题  (sim=0.9301)

标准名: 【宽域飞行】 (共 2 个)
  ← 宽速域飞行  (sim=0.9441)

标准名: 【高超声速飞行器】 (共 2 个)
  ← 宽域高超声速飞行器  (sim=1.0000)

标准名: 【镍钛合金】 (共 2 个)
  ← 富镍镍钛合金  (sim=1.0000)

标准名: 【导弹气动特性】 (共 2 个)
  ← 导弹整体气动特性  (sim=1.0000)

标准名: 【导弹迎角】 (共 2 个)
  ← 导弹迎角的变化  (sim=0.9222)

标准名: 【小尺度变形】 (共 2 个)
  ← 局部式小尺度变形  (sim=0.9231)

标准名: 【展弦比】 (共 2 个)
  ← 小展弦比  (sim=1.0000)

标准名: 【尾翼空气动力学】 (共 2 个)
  ← 尾翼空气动力学模型  (sim=0.9457)

标准名: 【底层控制器】 (共 2 个)
  ← 局部底层控制器  (sim=1.0000)

标准名: 【攻角函数】 (共 2 个)
  ← 局部攻角函数  (sim=1.0000)

标准名: 【局部最优姿态控制】 (共 2 个)
  ← 局部最优姿态控制算法  (sim=0.9377)

标准名: 【局部气动干扰】 (共 2 个)
  ← 局部气动干扰问题  (sim=0.9524)

标准名: 【层流机翼】 (共 2 个)
  ← 层流机翼设计  (sim=0.9236)

标准名: 【展向弯曲】 (共 2 个)
  ← 展向变弯曲  (sim=1.0000)

标准名: 【展向的余弦间距】 (共 2 个)
  ← 弦向和展向板的余弦间距  (sim=0.9207)

标准名: 【展向自适应机翼】 (共 2 个)
  ← 展向自适应机翼技术  (sim=0.9561)

标准名: 【巡航高度】 (共 2 个)
  ← 飞机的巡航高度  (sim=0.9252)

标准名: 【工程梁模型法】 (共 2 个)
  ← 部件级的工程梁模型法  (sim=0.9391)

标准名: 【常规机翼】 (共 2 个)
  ← 常规的机翼  (sim=0.9897)

标准名: 【常规飞翼布局飞行器】 (共 2 个)
  ← 机翼变体常规布局飞行器  (sim=0.9235)

标准名: 【干扰观测器】 (共 2 个)
  ← 扰动观测器  (sim=0.9521)

标准名: 【平的面板】 (共 2 个)
  ← 平的面板结构  (sim=0.9207)

标准名: 【平直翼】 (共 2 个)
  ← 平直机翼  (sim=1.0000)

标准名: 【广义动力】 (共 2 个)
  ← 广义动量  (sim=0.9279)

标准名: 【广义坐标】 (共 2 个)
  ← 广义坐标系  (sim=0.9489)

标准名: 【系统辨识方法】 (共 2 个)
  ← 应用系统辨识方法  (sim=1.0000)

标准名: 【开发 SMA 驱动器的控制策略】 (共 2 个)
  ← 建模和开发 SMA 驱动器的控制策略  (sim=1.0000)

标准名: 【缩比准则】 (共 2 个)
  ← 建立合适的缩比准则  (sim=1.0000)

标准名: 【弯度】 (共 2 个)
  ← 弯曲度  (sim=0.9361)

标准名: 【弯折翼尖】 (共 2 个)
  ← 折叠翼尖  (sim=0.9201)

标准名: 【弹性变形】 (共 2 个)
  ← 弹性与大变形  (sim=1.0000)

标准名: 【强化学习法】 (共 2 个)
  ← 强化学习方法  (sim=1.0000)

标准名: 【形状记忆合金驱动器】 (共 2 个)
  ← 形状记忆合金驱动器动力学  (sim=0.9328)

标准名: 【形状记忆属性】 (共 2 个)
  ← 形状记忆特性  (sim=0.9626)

标准名: 【径向基神经网络】 (共 2 个)
  ← 径向基函数神经网络  (sim=1.0000)

标准名: 【径向翅脉】 (共 2 个)
  ← 径向翅脉结构  (sim=0.9479)

标准名: 【微型飞行器】 (共 2 个)
  ← 微型空中飞行器  (sim=1.0000)

标准名: 【惯性】 (共 2 个)
  ← 惯量  (sim=0.9334)

标准名: 【时变惯量】 (共 2 个)
  ← 惯量的时变特性  (sim=1.0000)

标准名: 【扑翼式飞机】 (共 2 个)
  ← 扑翼式飞行器  (sim=0.9351)

标准名: 【扑翼式飞行器平台】 (共 2 个)
  ← 扑翼飞行器飞行平台  (sim=0.9760)

标准名: 【扑翼飞行器】 (共 2 个)
  ← 扑翼飞行器系统  (sim=0.9251)

标准名: 【扑翼飞行器直线水平飞行】 (共 2 个)
  ← 扑翼飞行器直线水平飞行时的相关数据  (sim=0.9415)

标准名: 【执行器控制分配】 (共 2 个)
  ← 执行器控制分配问题  (sim=0.9383)

标准名: 【扰动力】 (共 2 个)
  ← 扰动的力  (sim=0.9342)

标准名: 【抑制颤振】 (共 2 个)
  ← 颤振抑制  (sim=0.9773)

标准名: 【抗侧风】 (共 2 个)
  ← 抗侧风能力  (sim=0.9238)

标准名: 【抗弯】 (共 2 个)
  ← 抗弯性能  (sim=0.9211)

标准名: 【抗风能力差】 (共 2 个)
  ← 抗风能力孱弱  (sim=1.0000)

标准名: 【折叠机翼无人机】 (共 2 个)
  ← 潜射折叠机翼无人机  (sim=0.9266)

标准名: 【折叠构型飞行器】 (共 2 个)
  ← 折叠构型的飞行器  (sim=1.0000)

标准名: 【折叠翼飞机】 (共 2 个)
  ← 折叠翼飞行器  (sim=0.9428)

标准名: 【折叠舵】 (共 2 个)
  ← 折叠舵面  (sim=0.9229)

标准名: 【折叠角】 (共 2 个)
  ← 折叠角度  (sim=0.9558)

标准名: 【折展变构能力】 (共 2 个)
  ← 折展变构型能力  (sim=1.0000)

标准名: 【拉格朗日方程】 (共 2 个)
  ← 拉格朗日日方程  (sim=0.9648)

标准名: 【拉格朗日法】 (共 2 个)
  ← 拉格朗日日法  (sim=1.0000)

标准名: 【拍动机翼】 (共 2 个)
  ← 机翼拍动  (sim=0.9539)

标准名: 【控制分配】 (共 2 个)
  ← 控制分配结果  (sim=0.9229)

标准名: 【控制参数】 (共 2 个)
  ← 控制器参数  (sim=0.9349)

标准名: 【控制的开采行动-值函数】 (共 2 个)
  ← 控制的开采行动 - 值函数  (sim=1.0000)

标准名: 【控制系统建模】 (共 2 个)
  ← 控制系统建模技术  (sim=0.9523)

标准名: 【控制设计】 (共 2 个)
  ← 控制系统设计  (sim=1.0000)

标准名: 【控制附面层】 (共 2 个)
  ← 附面层控制  (sim=0.9606)

标准名: 【驱动器控制】 (共 2 个)
  ← 控制驱动系统  (sim=1.0000)

标准名: 【推力】 (共 2 个)
  ← 推进力  (sim=0.9366)

标准名: 【提前着陆量】 (共 2 个)
  ← 最大提前着陆量  (sim=0.9600)

标准名: 【提升】 (共 2 个)
  ← 提高  (sim=0.9530)

标准名: 【提升飞行性能】 (共 2 个)
  ← 改善飞行性能  (sim=0.9662)

标准名: 【飞行器低速和高速机动性】 (共 2 个)
  ← 提高飞行器低速和高速机动性  (sim=1.0000)

标准名: 【高效飞行】 (共 2 个)
  ← 提高飞行效率  (sim=1.0000)

标准名: 【鸟类的飞行效率】 (共 2 个)
  ← 提高鸟类的飞行效率  (sim=1.0000)

标准名: 【摄像头】 (共 2 个)
  ← 摄像机  (sim=0.9230)

标准名: 【摄影测量技术】 (共 2 个)
  ← 立体摄影测量技术  (sim=0.9356)

标准名: 【支撑翼飞机】 (共 2 个)
  ← 支撑翼布局飞机  (sim=1.0000)

标准名: 【起落架收放】 (共 2 个)
  ← 收放式起落架  (sim=1.0000)

标准名: 【攻角响应】 (共 2 个)
  ← 攻角响应速度  (sim=0.9424)

标准名: 【效费比】 (共 2 个)
  ← 费效比  (sim=0.9365)

标准名: 【数值积分】 (共 2 个)
  ← 数值进行积分  (sim=0.9546)

标准名: 【新材料】 (共 2 个)
  ← 新型材料  (sim=1.0000)

标准名: 【新概念变体飞行器】 (共 2 个)
  ← 未来新概念变体飞行器  (sim=0.9311)

标准名: 【新质新域飞行器气动智能设计体系】 (共 2 个)
  ← 未来新质新域飞行器气动智能设计体系  (sim=0.9854)

标准名: 【舵面偏转】 (共 2 个)
  ← 方向舵的偏转  (sim=1.0000)

标准名: 【方程误差法】 (共 2 个)
  ← 误差方程法  (sim=0.9683)

标准名: 【旋翼机】 (共 2 个)
  ← 旋翼飞机  (sim=0.9205)

标准名: 【旋翼飞行器】 (共 2 个)
  ← 高速旋翼飞行器  (sim=0.9224)

标准名: 【转轴】 (共 2 个)
  ← 旋转轴  (sim=1.0000)

标准名: 【无后掠角】 (共 2 个)
  ← 无

后掠角  (sim=1.0000)

标准名: 【无人航空器】 (共 2 个)
  ← 无人飞行器  (sim=0.9459)

标准名: 【无侦-7 无人机】 (共 2 个)
  ← 无侦-7 无人侦察机  (sim=1.0000)

标准名: 【无尾鸭式布局】 (共 2 个)
  ← 鸭式无尾布局  (sim=0.9510)

标准名: 【线性时不变系统】 (共 2 个)
  ← 时不变的系统线性化  (sim=1.0000)

标准名: 【时变空气动力学效应评估】 (共 2 个)
  ← 时变空气动力学效应评估技术  (sim=0.9512)

标准名: 【昆虫翅膀】 (共 2 个)
  ← 昆虫的翅膀  (sim=1.0000)

标准名: 【晶体相变】 (共 2 个)
  ← 晶相变化  (sim=0.9290)

标准名: 【智能变体飞行器】 (共 2 个)
  ← 智能变形飞行器  (sim=0.9458)

标准名: 【智能控制】 (共 2 个)
  ← 智能控制器  (sim=0.9276)

标准名: 【智能结构】 (共 2 个)
  ← 智能结构技术  (sim=0.9228)

标准名: 【超大展弦比】 (共 2 个)
  ← 更大的展弦比  (sim=1.0000)

标准名: 【纵向动稳定性】 (共 2 个)
  ← 更好的纵向动稳定性  (sim=1.0000)

标准名: 【最优外形】 (共 2 个)
  ← 最佳外形  (sim=0.9602)

标准名: 【最优控制】 (共 2 个)
  ← 最优控制器  (sim=0.9259)

标准名: 【最优控制参数】 (共 2 个)
  ← 预测最优控制参数  (sim=0.9229)

标准名: 【最佳飞行性能】 (共 2 个)
  ← 最优的飞行性能  (sim=1.0000)

标准名: 【最优策略】 (共 2 个)
  ← 最佳策略  (sim=0.9410)

标准名: 【最优线性控制器】 (共 2 个)
  ← 调节最优线性控制器  (sim=0.9295)

标准名: 【气动外形】 (共 2 个)
  ← 最佳气动外形  (sim=1.0000)

标准名: 【最大允许步长】 (共 2 个)
  ← 确定最大的允许步长  (sim=0.9601)

标准名: 【最大和最小的升力】 (共 2 个)
  ← 最大和最小的升力的形状  (sim=0.9422)

标准名: 【最大弯矩】 (共 2 个)
  ← 最大弯矩和扭矩  (sim=0.9299)

标准名: 【驱动器功率】 (共 2 个)
  ← 最大驱动器功率  (sim=1.0000)

标准名: 【最小升力】 (共 2 个)
  ← 最小升力配置  (sim=0.9298)

标准名: 【降低了飞行油耗】 (共 2 个)
  ← 有效降低了飞行油耗  (sim=1.0000)

标准名: 【有限元法】 (共 2 个)
  ← 有限元方法  (sim=1.0000)

标准名: 【有限时间收敛滑模控制】 (共 2 个)
  ← 有限时间收敛滑模控制方法  (sim=0.9807)

标准名: 【木头】 (共 2 个)
  ← 木材  (sim=0.9527)

标准名: 【未学习的模型预测控制】 (共 2 个)
  ← 未经学习的模型预测控制方法  (sim=0.9679)

标准名: 【未来飞行器】 (共 2 个)
  ← 未来飞行器设计  (sim=0.9283)

标准名: 【机动控制】 (共 2 个)
  ← 机动中的控制  (sim=1.0000)

标准名: 【机器学习流场时程表征方法】 (共 2 个)
  ← 考虑物理方程约束的机器学习流场时程表征方法  (sim=0.9457)

标准名: 【机构驱动】 (共 2 个)
  ← 驱动机构  (sim=0.9216)

标准名: 【机翼和机身】 (共 2 个)
  ← 机翼 - 机身  (sim=1.0000)

标准名: 【机翼不平衡阻力】 (共 2 个)
  ← 活动机翼不平衡阻力  (sim=0.9676)

标准名: 【机翼优化】 (共 2 个)
  ← 飞行机器翼的优化  (sim=0.9258)

标准名: 【机翼后掠角的变化】 (共 2 个)
  ← 机翼位置与后掠角的变形策略  (sim=1.0000)

标准名: 【机翼俯仰力矩】 (共 2 个)
  ← 机翼的俯仰力矩  (sim=0.9901)

标准名: 【机翼升力的卸载】 (共 2 个)
  ← 用于活动机翼升力的卸载  (sim=0.9431)

标准名: 【机翼升力系数】 (共 2 个)
  ← 飞机的升力系数  (sim=0.9267)

标准名: 【机翼容积】 (共 2 个)
  ← 机翼的容积  (sim=0.9901)

标准名: 【机翼展向流动】 (共 2 个)
  ← 机翼的展向流动  (sim=0.9771)

标准名: 【机翼展长】 (共 2 个)
  ← 机翼的展长  (sim=0.9794)

标准名: 【机翼形状】 (共 2 个)
  ← 机翼平面形状  (sim=1.0000)

标准名: 【机翼设计】 (共 2 个)
  ← 机翼平面设计  (sim=1.0000)

标准名: 【机翼弯矩】 (共 2 个)
  ← 机翼根部弯矩  (sim=0.9204)

标准名: 【机翼机构】 (共 2 个)
  ← 机翼结构  (sim=0.9284)

标准名: 【机翼结构重量】 (共 2 个)
  ← 机翼的机构重量  (sim=1.0000)

标准名: 【机翼结构设计】 (共 2 个)
  ← 机翼结构设计方案  (sim=0.9748)

标准名: 【机翼运动】 (共 2 个)
  ← 机翼高速运动  (sim=0.9206)

标准名: 【机翼连续变弯度技术】 (共 2 个)
  ← 连续变弯度机翼技术  (sim=0.9842)

标准名: 【翼阻力】 (共 2 个)
  ← 机翼阻力  (sim=1.0000)

标准名: 【翼面积】 (共 2 个)
  ← 机翼面积  (sim=1.0000)

标准名: 【材料和结构】 (共 2 个)
  ← 结构与材料  (sim=0.9213)

标准名: 【柔性体建模】 (共 2 个)
  ← 柔性体建模方法  (sim=0.9760)

标准名: 【柔性变构】 (共 2 个)
  ← 柔性变体结构  (sim=1.0000)

标准名: 【柔性变形机翼的模型】 (共 2 个)
  ← 柔性变形翼进行建模  (sim=0.9435)

标准名: 【蜂窝桁架】 (共 2 个)
  ← 柔性蜂窝桁架  (sim=1.0000)

标准名: 【柔性鼓包进气道】 (共 2 个)
  ← 柔性鼓包进气道技术  (sim=0.9562)

标准名: 【模型结构】 (共 2 个)
  ← 结构模型  (sim=0.9632)

标准名: 【模型网格】 (共 2 个)
  ← 网格模型  (sim=0.9766)

标准名: 【横向着陆点】 (共 2 个)
  ← 纵向着陆点  (sim=0.9330)

标准名: 【横向静稳定性】 (共 2 个)
  ← 纵向静稳定性  (sim=0.9212)

标准名: 【正交回归因子】 (共 2 个)
  ← 正交回归因子方法  (sim=0.9222)

标准名: 【气动力矩】 (共 2 个)
  ← 气动力/力矩  (sim=1.0000)

标准名: 【气动力变化】 (共 2 个)
  ← 气动特性的变化  (sim=0.9294)

标准名: 【气动控制】 (共 2 个)
  ← 气动力控制  (sim=1.0000)

标准名: 【气动连续性】 (共 2 个)
  ← 气动力的连续性  (sim=1.0000)

标准名: 【气动力的非线性】 (共 2 个)
  ← 气动力非线性效应  (sim=0.9398)

标准名: 【气动驱动】 (共 2 个)
  ← 气动力驱动  (sim=1.0000)

标准名: 【气动增益】 (共 2 个)
  ← 气动性能增益  (sim=0.9642)

标准名: 【气动外形优化】 (共 2 个)
  ← 气动外形优化设计  (sim=0.9844)

标准名: 【气动外形设计】 (共 2 个)
  ← 气动外形的设计  (sim=1.0000)

标准名: 【气动布局与总体协调设计】 (共 2 个)
  ← 气动布局与总体需求协调设计技术  (sim=0.9326)

标准名: 【气动热弹性分析】 (共 2 个)
  ← 气动热弹性分析方法  (sim=0.9838)

标准名: 【气动特性恶化】 (共 2 个)
  ← 气动特性的恶化  (sim=0.9873)

标准名: 【气动舵面】 (共 2 个)
  ← 气动舵面设计  (sim=0.9390)

标准名: 【气动负载】 (共 2 个)
  ← 气动载荷  (sim=0.9605)

标准名: 【气流混合】 (共 2 个)
  ← 气流的混合  (sim=0.9695)

标准名: 【沙漠蝗虫后翅】 (共 2 个)
  ← 沙漠蝗虫翅膀  (sim=0.9299)

标准名: 【波音 777-X】 (共 2 个)
  ← 波音 777-X 飞机  (sim=0.9849)

标准名: 【活动机翼升力】 (共 2 个)
  ← 活动机翼的升力  (sim=0.9819)

标准名: 【活动机翼和连杆的变体运动】 (共 2 个)
  ← 活动机翼和连杆的变体运动范围  (sim=0.9269)

标准名: 【活动机翼的攻角】 (共 2 个)
  ← 活动机翼的攻角变化  (sim=0.9823)

标准名: 【精度】 (共 2 个)
  ← 测量精度  (sim=1.0000)

标准名: 【涡格法空气动力学】 (共 2 个)
  ← 涡格空气动力学方法  (sim=0.9634)

标准名: 【混合控制】 (共 2 个)
  ← 混合控制系统  (sim=0.9426)

标准名: 【渐近稳定】 (共 2 个)
  ← 渐近稳定性  (sim=0.9625)

标准名: 【温度-应力关系】 (共 2 个)
  ← 温度 - 应变关系  (sim=1.0000)

标准名: 【滑动蒙皮】 (共 2 个)
  ← 滑动蒙皮方案  (sim=0.9359)

标准名: 【滑模控制】 (共 2 个)
  ← 滑模控制方法  (sim=0.9649)

标准名: 【滞后模型】 (共 2 个)
  ← 迟滞模型  (sim=0.9361)

标准名: 【滞后行为】 (共 2 个)
  ← 滞后行动  (sim=0.9210)

标准名: 【激励铰链力矩】 (共 2 个)
  ← 诱导铰链力矩  (sim=0.9289)

标准名: 【燃料消耗】 (共 2 个)
  ← 燃料的消耗  (sim=0.9802)

标准名: 【犬蝠岩袋鼠】 (共 2 个)
  ← 犬蝠属的犬蝠岩袋鼠  (sim=1.0000)

标准名: 【状态空间】 (共 2 个)
  ← 空间状态  (sim=0.9328)

标准名: 【现代控制算法】 (共 2 个)
  ← 综合到现代控制算法  (sim=0.9333)

标准名: 【瞬时差分法】 (共 2 个)
  ← 瞬时时差分法  (sim=0.9467)

标准名: 【硬壳式伸缩翼变体】 (共 2 个)
  ← 硬壳式伸缩翼变体方案  (sim=0.9495)

标准名: 【碳纤维复合材料】 (共 2 个)
  ← 碳纤维增强复合材料  (sim=1.0000)

标准名: 【神经动态曲面控制方法】 (共 2 个)
  ← 自适应神经动态曲面控制方法  (sim=0.9332)

标准名: 【离散化 $\Gamma_1$】 (共 2 个)
  ← 离散化 $\Gamma_{ij}^*$  (sim=0.9536)

标准名: 【离散连接变体】 (共 2 个)
  ← 离散的连接变体  (sim=1.0000)

标准名: 【稳定】 (共 2 个)
  ← 稳定性  (sim=0.9240)

标准名: 【稳定控制】 (共 2 个)
  ← 稳定的控制器  (sim=0.9211)

标准名: 【空气动力】 (共 2 个)
  ← 空气动力性  (sim=0.9206)

标准名: 【线性方程组】 (共 2 个)
  ← 线性化方程组  (sim=1.0000)

标准名: 【线性变参数控制】 (共 2 个)
  ← 线性变参数控制方法  (sim=0.9686)

标准名: 【非线性气动效应】 (共 2 个)
  ← 结构和气动上的非线性效应  (sim=1.0000)

标准名: 【结构复杂度】 (共 2 个)
  ← 结构重量和复杂程度  (sim=0.9226)

标准名: 【结构稳定性】 (共 2 个)
  ← 结构稳定性能  (sim=0.9715)

标准名: 【结构重量增加】 (共 2 个)
  ← 结构重量增大  (sim=0.9830)

标准名: 【统计方法】 (共 2 个)
  ← 统计学方法  (sim=1.0000)

标准名: 【网格重构】 (共 2 个)
  ← 网格重构方法  (sim=0.9203)

标准名: 【翅膜】 (共 2 个)
  ← 膜翅  (sim=0.9300)

标准名: 【翼尖折叠】 (共 2 个)
  ← 翼尖折叠机翼  (sim=0.9533)

标准名: 【翼尖羽毛】 (共 2 个)
  ← 飞鸟的翼尖羽毛  (sim=0.9217)

标准名: 【翼尖负扭转】 (共 2 个)
  ← 翼尖负扭转的设计  (sim=0.9277)

标准名: 【翼根弦长】 (共 2 个)
  ← 翼梢弦长  (sim=0.9338)

标准名: 【翼膜】 (共 2 个)
  ← 膜翼  (sim=0.9303)

标准名: 【翼身融合】 (共 2 个)
  ← 翼身融合体  (sim=0.9450)

标准名: 【翼面峰值热流】 (共 2 个)
  ← 降低翼面峰值热流  (sim=0.9213)

标准名: 【肘部】 (共 2 个)
  ← 肘关节  (sim=1.0000)

标准名: 【背负式进气道】 (共 2 个)
  ← 背负式进气道设计  (sim=0.9576)

标准名: 【能量密度】 (共 2 个)
  ← 高能量密度  (sim=0.9368)

标准名: 【腕部】 (共 2 个)
  ← 腕关节  (sim=1.0000)

标准名: 【自学习模型预测控制器】 (共 2 个)
  ← 自学习模型预测控制框架  (sim=0.9304)

标准名: 【自然飞行物】 (共 2 个)
  ← 自然界飞行物  (sim=1.0000)

标准名: 【自适应性】 (共 2 个)
  ← 自适应特点  (sim=0.9318)

标准名: 【自适应控制】 (共 2 个)
  ← 自适应控制器  (sim=0.9470)

标准名: 【航天工程】 (共 2 个)
  ← 航空航天工程  (sim=0.9482)

标准名: 【航空航天工业】 (共 2 个)
  ← 航空航天行业  (sim=0.9472)

标准名: 【航空航天应用】 (共 2 个)
  ← 航空航天应用产品  (sim=0.9401)

标准名: 【飞行器】 (共 2 个)
  ← 航空飞行器  (sim=1.0000)

标准名: 【荷兰滚模态判据】 (共 2 个)
  ← 荷兰滚模态判据曲线  (sim=0.9485)

标准名: 【莱特 “飞行者”】 (共 2 个)
  ← 莱特“飞行者”飞机  (sim=0.9447)

标准名: 【蒙特卡洛方法】 (共 2 个)
  ← 蒙特卡罗方法  (sim=0.9612)

标准名: 【蒙皮的弹性力】 (共 2 个)
  ← 蒙皮的弹性力影响  (sim=0.9628)

标准名: 【薄翼理论】 (共 2 个)
  ← 薄翼型理论  (sim=1.0000)

标准名: 【蝙蝠翅膀】 (共 2 个)
  ← 蝙蝠的翅膀  (sim=1.0000)

标准名: 【角速度】 (共 2 个)
  ← 角速率  (sim=0.9515)

标准名: 【计算分析】 (共 2 个)
  ← 计算和分析  (sim=0.9417)

标准名: 【计算效率更高】 (共 2 个)
  ← 较高的计算效率  (sim=0.9367)

标准名: 【软件仿真】 (共 2 个)
  ← 计算机仿真  (sim=1.0000)

标准名: 【飞机气动性能计算】 (共 2 个)
  ← 计算飞机的气动性能  (sim=1.0000)

标准名: 【驱动器负载】 (共 2 个)
  ← 计算驱动器负载  (sim=1.0000)

标准名: 【设计飞行器】 (共 2 个)
  ← 飞行器设计  (sim=0.9813)

标准名: 【项目】 (共 2 个)
  ← 该项目  (sim=1.0000)

标准名: 【进气调节】 (共 2 个)
  ← 调节进气道  (sim=1.0000)

标准名: 【负载能力】 (共 2 个)
  ← 载荷能力  (sim=0.9530)

标准名: 【起飞/着陆翼展】 (共 2 个)
  ← 飞机的起飞/着陆翼展  (sim=0.9459)

标准名: 【跨域变构飞行器】 (共 2 个)
  ← 跨域融合变构型飞行器  (sim=0.9547)

标准名: 【跨域飞行】 (共 2 个)
  ← 跨域高效飞行  (sim=0.9297)

标准名: 【跨域飞行航天运输】 (共 2 个)
  ← 跨域飞行航天运输场景  (sim=0.9670)

标准名: 【跨声速】 (共 2 个)
  ← 跨声速性能  (sim=0.9265)

标准名: 【车载变体测试】 (共 2 个)
  ← 车载变体试验  (sim=0.9638)

标准名: 【轴对称式变几何进气道】 (共 2 个)
  ← 轴对称变几何进气道设计方法  (sim=1.0000)

标准名: 【轴对称式进气道】 (共 2 个)
  ← 轴对称式可变进气道  (sim=1.0000)

标准名: 【输出误差法】 (共 2 个)
  ← 输出误差方法  (sim=1.0000)

标准名: 【运动方程】 (共 2 个)
  ← 运动学方程  (sim=1.0000)

标准名: 【运动质量控制】 (共 2 个)
  ← 运动质量控制策略  (sim=0.9306)

标准名: 【进气道变体技术】 (共 2 个)
  ← 进气道变体方案  (sim=0.9340)

标准名: 【连接翼布局】 (共 2 个)
  ← 连接翼布局的总体设计  (sim=0.9550)

标准名: 【连杆铰链】 (共 2 个)
  ← 连杆上的铰链  (sim=1.0000)

标准名: 【连杆变形】 (共 2 个)
  ← 连杆的变形  (sim=0.9802)

标准名: 【连杆等变体机构的受力】 (共 2 个)
  ← 连杆和变体机构的结构强度  (sim=1.0000)

标准名: 【连续变前缘机翼】 (共 2 个)
  ← 连续变前后缘机翼技术  (sim=1.0000)

标准名: 【连续机翼形状】 (共 2 个)
  ← 连续翼面的机翼  (sim=0.9312)

标准名: 【速度方向】 (共 2 个)
  ← 速度与方向  (sim=1.0000)

标准名: 【逼近行动-值函数】 (共 2 个)
  ← 逼近行动-价值函数  (sim=1.0000)

标准名: 【重量代价】 (共 2 个)
  ← 重量成本  (sim=0.9214)

标准名: 【重量模块】 (共 2 个)
  ← 重量结构模块  (sim=0.9366)

标准名: 【铰接】 (共 2 个)
  ← 铰链  (sim=0.9477)

标准名: 【长距离飞行】 (共 2 个)
  ← 长距离巡航飞行  (sim=1.0000)

标准名: 【阻力】 (共 2 个)
  ← 阻力较大  (sim=0.9219)

标准名: 【附着流】 (共 2 个)
  ← 附着流态  (sim=0.9302)

标准名: 【随机最优控制问题的代价函数】 (共 2 个)
  ← 降低随机最优控制问题的代价函数  (sim=1.0000)

标准名: 【飞行能耗】 (共 2 个)
  ← 降低飞行能耗  (sim=1.0000)

标准名: 【随机干扰】 (共 2 个)
  ← 随机扰动  (sim=0.9520)

标准名: 【随机控制问题】 (共 2 个)
  ← 随机最优控制问题  (sim=0.9399)

标准名: 【隐身性能】 (共 2 个)
  ← 隐身能力  (sim=0.9409)

标准名: 【集群协同控制】 (共 2 个)
  ← 集群化与协同控制  (sim=1.0000)

标准名: 【零升阻力】 (共 2 个)
  ← 零升阻力系数  (sim=0.9320)

标准名: 【静稳定度】 (共 2 个)
  ← 静稳定性  (sim=0.9412)

标准名: 【非定常计算】 (共 2 个)
  ← 非定常数值计算  (sim=1.0000)

标准名: 【非定常气动力预测方法】 (共 2 个)
  ← 非定常气动力预测模型  (sim=0.9641)

标准名: 【非定常气动干扰】 (共 2 个)
  ← 非定常气动干扰问题  (sim=0.9552)

标准名: 【非定常空气动力学问】 (共 2 个)
  ← 非定常空气动力学方法  (sim=1.0000)

标准名: 【非对称机翼布局】 (共 2 个)
  ← 非对称机翼构型  (sim=0.9515)

标准名: 【非线性,时变、气动耦合等问题】 (共 2 个)
  ← 非线性、时变、气动耦合等问题  (sim=0.9863)

标准名: 【非线性控制设计】 (共 2 个)
  ← 非线性控制器设计  (sim=1.0000)

标准名: 【面元数量】 (共 2 个)
  ← 面元的数量  (sim=0.9894)

标准名: 【面板的所需形状】 (共 2 个)
  ← 面板的当前形状和所需形状  (sim=1.0000)

标准名: 【风洞实验】 (共 2 个)
  ← 风洞试验  (sim=0.9580)

标准名: 【风洞测试】 (共 2 个)
  ← 风洞测试方法  (sim=0.9316)

标准名: 【风洞试验方案设计】 (共 2 个)
  ← 风洞试验模型方案设计  (sim=0.9596)

标准名: 【飞机变体】 (共 2 个)
  ← 飞行器变体  (sim=0.9221)

标准名: 【飞机变体前后重心高度和俯仰稳定性】 (共 2 个)
  ← 飞机变体前后重心高度和俯仰稳定性产生较大变化  (sim=0.9599)

标准名: 【飞机的气动力变化特性】 (共 2 个)
  ← 飞机在变体过程中的气动力变化规律  (sim=1.0000)

标准名: 【飞机巡航性能】 (共 2 个)
  ← 飞机的巡航性能  (sim=0.9917)

标准名: 【飞机平面外形设计】 (共 2 个)
  ← 飞机平面外形设计参数  (sim=0.9530)

标准名: 【飞机最大升力系数】 (共 2 个)
  ← 飞机的最大升力系数  (sim=0.9969)

标准名: 【飞机油耗】 (共 2 个)
  ← 飞行油耗  (sim=0.9440)

标准名: 【飞机载荷和燃油携带降低】 (共 2 个)
  ← 飞机的有效载荷和燃油携带量降低  (sim=1.0000)

标准名: 【飞机的气动效率】 (共 2 个)
  ← 飞行器气动效率  (sim=0.9691)

标准名: 【飞机稳定性】 (共 2 个)
  ← 飞机的稳定性和安全性  (sim=1.0000)

标准名: 【飞机重量】 (共 2 个)
  ← 飞机的结构重量  (sim=1.0000)

标准名: 【飞机零升阻力】 (共 2 个)
  ← 飞机的零升阻力系数  (sim=1.0000)

标准名: 【飞行动力学】 (共 2 个)
  ← 飞机的飞行动力学  (sim=1.0000)

标准名: 【飞机结构】 (共 2 个)
  ← 飞机结构设计  (sim=0.9461)

标准名: 【飞机运动方程】 (共 2 个)
  ← 飞行器运动方程  (sim=0.9319)

标准名: 【飞行仿真】 (共 2 个)
  ← 飞行仿真器  (sim=0.9322)

标准名: 【飞行动力学和控制系统】 (共 2 个)
  ← 飞行动力学与飞行控制方法  (sim=1.0000)

标准名: 【飞行器的运动】 (共 2 个)
  ← 飞行器内部的运动  (sim=1.0000)

标准名: 【飞行器变形】 (共 2 个)
  ← 飞行器整体进行变形  (sim=0.9445)

标准名: 【飞行器增效】 (共 2 个)
  ← 飞行器增效降低  (sim=0.9432)

标准名: 【飞行器姿态角】 (共 2 个)
  ← 飞行器的姿态角  (sim=0.9926)

标准名: 【飞行器布局】 (共 2 个)
  ← 飞行器布局形式的选择  (sim=0.9387)

标准名: 【飞行控制系统】 (共 2 个)
  ← 飞行器控制系统  (sim=1.0000)

标准名: 【飞行器构件】 (共 2 个)
  ← 飞行器部件  (sim=0.9496)

标准名: 【飞行器气动设计】 (共 2 个)
  ← 飞行器的空气动力学设计  (sim=0.9221)

标准名: 【飞行器纵向稳定性】 (共 2 个)
  ← 飞行器纵向静稳定性  (sim=0.9599)

标准名: 【飞行轨迹】 (共 2 个)
  ← 飞行器轨迹  (sim=1.0000)

标准名: 【飞行测试】 (共 2 个)
  ← 飞行试验  (sim=0.9539)

标准名: 【飞行特征】 (共 2 个)
  ← 飞行特性  (sim=0.9406)

标准名: 【马氏体再取向性】 (共 2 个)
  ← 马氏体的再取向  (sim=0.9616)

标准名: 【马氏体积分率】 (共 2 个)
  ← 马氏体的体积分率  (sim=1.0000)

标准名: 【高效仿真方法】 (共 2 个)
  ← 高计算效率仿真方法  (sim=0.9246)

标准名: 【高空飞行】 (共 2 个)
  ← 高空飞行器  (sim=0.9292)

标准名: 【高速翼型】 (共 2 个)
  ← 高速翼型性能  (sim=0.9378)

标准名: 【高速飞行性能】 (共 2 个)
  ← 高速飞行能力  (sim=0.9609)

标准名: 【鸭翼舵面导弹】 (共 2 个)
  ← 鸭翼舵面控制导弹  (sim=0.9307)

