nohup: ignoring input

Parsing PDFs:   0%|          | 0/9 [00:00<?, ?it/s]
Parsing PDFs: 100%|██████████| 9/9 [00:00<00:00, 1211.37it/s]

Loading weights:   0%|          | 0/363 [00:00<?, ?it/s]
Loading weights:   1%|          | 2/363 [00:00<00:23, 15.51it/s]
Loading weights:   3%|▎         | 11/363 [00:00<00:06, 53.09it/s]
Loading weights:   5%|▌         | 19/363 [00:00<00:05, 63.06it/s]
Loading weights:   7%|▋         | 26/363 [00:00<00:05, 63.66it/s]
Loading weights:   9%|▉         | 33/363 [00:00<00:05, 58.74it/s]
Loading weights:  11%|█▏        | 41/363 [00:00<00:05, 60.76it/s]
Loading weights:  13%|█▎        | 49/363 [00:00<00:05, 60.42it/s]
Loading weights:  15%|█▌        | 56/363 [00:00<00:05, 57.15it/s]
Loading weights:  17%|█▋        | 62/363 [00:01<00:05, 52.44it/s]
Loading weights:  19%|█▊        | 68/363 [00:01<00:05, 50.99it/s]
Loading weights:  21%|██        | 76/363 [00:01<00:05, 53.50it/s]
Loading weights:  23%|██▎       | 82/363 [00:01<00:05, 52.24it/s]
Loading weights:  24%|██▍       | 88/363 [00:01<00:05, 49.88it/s]
Loading weights:  26%|██▌       | 95/363 [00:01<00:05, 50.52it/s]
Loading weights:  28%|██▊       | 103/363 [00:01<00:04, 52.87it/s]
Loading weights:  30%|███       | 109/363 [00:02<00:04, 51.73it/s]
Loading weights:  32%|███▏      | 115/363 [00:02<00:05, 49.52it/s]
Loading weights:  34%|███▎      | 122/363 [00:02<00:04, 50.12it/s]
Loading weights:  36%|███▌      | 130/363 [00:02<00:04, 52.74it/s]
Loading weights:  37%|███▋      | 136/363 [00:02<00:04, 52.22it/s]
Loading weights:  39%|███▉      | 142/363 [00:02<00:04, 50.17it/s]
Loading weights:  41%|████      | 149/363 [00:02<00:04, 50.62it/s]
Loading weights:  43%|████▎     | 157/363 [00:02<00:03, 53.43it/s]
Loading weights:  45%|████▍     | 163/363 [00:03<00:03, 52.43it/s]
Loading weights:  47%|████▋     | 169/363 [00:03<00:03, 50.32it/s]
Loading weights:  48%|████▊     | 176/363 [00:03<00:03, 50.86it/s]
Loading weights:  50%|█████     | 182/363 [00:03<00:03, 45.53it/s]
Loading weights:  53%|█████▎    | 193/363 [00:03<00:02, 58.12it/s]
Loading weights:  55%|█████▌    | 200/363 [00:03<00:02, 57.93it/s]
Loading weights:  57%|█████▋    | 206/363 [00:03<00:02, 55.43it/s]
Loading weights:  58%|█████▊    | 212/363 [00:03<00:02, 54.14it/s]
Loading weights:  61%|██████    | 220/363 [00:04<00:02, 56.06it/s]
Loading weights:  62%|██████▏   | 226/363 [00:04<00:02, 54.62it/s]
Loading weights:  64%|██████▍   | 232/363 [00:04<00:02, 52.17it/s]
Loading weights:  66%|██████▌   | 239/363 [00:04<00:02, 52.74it/s]
Loading weights:  68%|██████▊   | 247/363 [00:04<00:02, 55.31it/s]
Loading weights:  70%|██████▉   | 253/363 [00:04<00:02, 54.23it/s]
Loading weights:  71%|███████▏  | 259/363 [00:04<00:02, 51.63it/s]
Loading weights:  73%|███████▎  | 266/363 [00:05<00:01, 52.30it/s]
Loading weights:  75%|███████▌  | 274/363 [00:05<00:01, 54.91it/s]
Loading weights:  77%|███████▋  | 280/363 [00:05<00:01, 54.02it/s]
Loading weights:  79%|███████▉  | 286/363 [00:05<00:01, 51.61it/s]
Loading weights:  81%|████████  | 293/363 [00:05<00:01, 53.73it/s]
Loading weights:  83%|████████▎ | 301/363 [00:05<00:01, 56.83it/s]
Loading weights:  85%|████████▍ | 307/363 [00:05<00:01, 55.36it/s]
Loading weights:  86%|████████▌ | 313/363 [00:05<00:00, 52.62it/s]
Loading weights:  88%|████████▊ | 320/363 [00:06<00:00, 52.51it/s]
Loading weights:  90%|█████████ | 328/363 [00:06<00:00, 55.15it/s]
Loading weights:  92%|█████████▏| 334/363 [00:06<00:00, 54.33it/s]
Loading weights:  94%|█████████▎| 340/363 [00:06<00:00, 52.05it/s]
Loading weights:  96%|█████████▌| 347/363 [00:06<00:00, 52.61it/s]
Loading weights:  98%|█████████▊| 355/363 [00:06<00:00, 55.55it/s]
Loading weights:  99%|█████████▉| 361/363 [00:06<00:00, 52.55it/s]
Loading weights: 100%|██████████| 363/363 [00:06<00:00, 53.49it/s]

OneKE Extracting:   0%|          | 0/9 [00:00<?, ?it/s]The following generation flags are not valid and may be ignored: ['temperature']. Set `TRANSFORMERS_VERBOSITY=info` for more details.

OneKE Extracting:  11%|█         | 1/9 [1:22:02<10:56:19, 4922.40s/it]
OneKE Extracting:  22%|██▏       | 2/9 [2:16:37<7:41:15, 3953.59s/it]
OneKE Extracting:  33%|███▎      | 3/9 [2:40:03<4:39:01, 2790.19s/it]
OneKE Extracting:  44%|████▍     | 4/9 [5:00:30<6:57:57, 5015.55s/it]
OneKE Extracting:  56%|█████▌    | 5/9 [5:01:01<3:34:32, 3218.10s/it]
OneKE Extracting:  67%|██████▋   | 6/9 [5:06:24<1:51:41, 2233.86s/it]
OneKE Extracting:  78%|███████▊  | 7/9 [5:19:46<58:51, 1765.51s/it]
OneKE Extracting:  89%|████████▉ | 8/9 [5:29:25<23:07, 1387.84s/it]
OneKE Extracting: 100%|██████████| 9/9 [5:45:33<00:00, 1256.54s/it]
OneKE Extracting: 100%|██████████| 9/9 [5:45:33<00:00, 2303.69s/it]
[EXTRACT] 2018311055郭廷宇.md: 469 triples
[EXTRACT] 变体飞行器变形方式及气动布局设计关键技术研究进展_加水印.md: 440 triples
[EXTRACT] 变构飞行器控制技术发展现状与展望.md: 258 triples
[EXTRACT] 国防科技著作精品译丛  变体飞行器与结构_14229129.md: 838 triples
[EXTRACT] 空天变构飞行技术专栏序_包为民.md: 9 triples
[EXTRACT] 空天变构飞行技术研究现状与未来发展研判_刘思佳.md: 39 triples
[EXTRACT] 论文-CJA.md: 135 triples
[EXTRACT] 跨域变构飞行器变形方案设计及气动特性分析_安英韬.md: 31 triples
[EXTRACT] 跨域变构飞行器自学习模型预测姿态控制方法_贾正宇.md: 116 triples
[DONE] OneKE triples = 2335, saved to ./data/triples_raw/triples.jsonl
加载原始三元组: 2335 条
加载Yuan-Embedding模型: model/Yuan-Embedding

Loading weights:   0%|          | 0/391 [00:00<?, ?it/s]
Loading weights: 100%|██████████| 391/391 [00:00<00:00, 9380.98it/s]
模型已加载到: cuda
原始统计: 2349 个唯一实体, 36 个唯一关系

编码文本:   0%|          | 0/74 [00:00<?, ?it/s]
编码文本:   1%|▏         | 1/74 [00:00<00:08,  8.67it/s]
编码文本:   4%|▍         | 3/74 [00:00<00:05, 13.71it/s]
编码文本:   9%|▉         | 7/74 [00:00<00:03, 21.19it/s]
编码文本:  14%|█▎        | 10/74 [00:00<00:02, 24.09it/s]
编码文本:  19%|█▉        | 14/74 [00:00<00:02, 26.81it/s]
编码文本:  24%|██▍       | 18/74 [00:00<00:01, 29.34it/s]
编码文本:  30%|██▉       | 22/74 [00:00<00:01, 29.69it/s]
编码文本:  34%|███▍      | 25/74 [00:00<00:01, 27.15it/s]
编码文本:  39%|███▉      | 29/74 [00:01<00:01, 28.25it/s]
编码文本:  43%|████▎     | 32/74 [00:01<00:01, 27.83it/s]
编码文本:  47%|████▋     | 35/74 [00:01<00:01, 27.53it/s]
编码文本:  53%|█████▎    | 39/74 [00:01<00:01, 27.40it/s]
编码文本:  57%|█████▋    | 42/74 [00:01<00:01, 26.20it/s]
编码文本:  61%|██████    | 45/74 [00:01<00:01, 26.34it/s]
编码文本:  65%|██████▍   | 48/74 [00:01<00:00, 27.04it/s]
编码文本:  69%|██████▉   | 51/74 [00:01<00:00, 27.54it/s]
编码文本:  73%|███████▎  | 54/74 [00:02<00:00, 27.41it/s]
编码文本:  77%|███████▋  | 57/74 [00:02<00:00, 27.93it/s]
编码文本:  82%|████████▏ | 61/74 [00:02<00:00, 28.66it/s]
编码文本:  86%|████████▋ | 64/74 [00:02<00:00, 28.10it/s]
编码文本:  91%|█████████ | 67/74 [00:02<00:00, 26.82it/s]
编码文本:  95%|█████████▍| 70/74 [00:02<00:00, 26.32it/s]
编码文本:  99%|█████████▊| 73/74 [00:02<00:00, 24.84it/s]
编码文本: 100%|██████████| 74/74 [00:02<00:00, 26.54it/s]
实体归一化: 2349 → 1736 个标准实体
关系归一化: 36 → 36 个标准关系
[DONE] Yuan-Embedding融合完成:
  - 融合后三元组: 2285 条
  - 融合后唯一实体: 1736 个
  - 压缩率: 2.1%
[SAVE] ./data/triples_fused/triples_fused.jsonl
[PIPELINE DONE] raw=2335, fused=2285
