实体归一化日志
============================================================
阈值: 0.93
原始实体数: 8551
标准实体数: 7825
发生合并的簇: 624 个
未合并的实体: 7201 个
过滤的无效关系: {'双翼布局', '权衡'}

============================================================
合并详情（按簇大小降序，括号内为与簇中心的相似度）
============================================================

标准名: 【morphing aircraft】 (共 8 个)
  ← morphing aircraft applications  (sim=0.9671)
  ← morphing aircraft concepts  (sim=0.9665)
  ← morphing aircraft designs  (sim=0.9586)
  ← morphing aircraft structures  (sim=0.9656)
  ← morphing aircraft technology  (sim=0.9731)
  ← morphing aircrafts  (sim=0.9879)
  ← morphing flight vehicle  (sim=0.9626)

标准名: 【SMA 驱动】 (共 5 个)
  ← SMA 驱动发动机  (sim=0.9657)
  ← SMA 驱动器  (sim=0.9784)
  ← SMA 驱动器控制问题  (sim=0.9303)
  ← SMA 驱动调整片  (sim=0.9530)

标准名: 【分级控制】 (共 5 个)
  ← 分级控制原理  (sim=0.9410)
  ← 分级控制技术  (sim=0.9509)
  ← 分级控制方法  (sim=0.9586)
  ← 分级控制策略  (sim=0.9454)

标准名: 【参数学习】 (共 5 个)
  ← 参数学习优化  (sim=0.9710)
  ← 参数学习策略  (sim=0.9546)
  ← 参数学习算法  (sim=0.9628)
  ← 参数学习系统  (sim=0.9617)

标准名: 【系统辨识】 (共 5 个)
  ← 系统辨识技术  (sim=0.9736)
  ← 系统辨识方法  (sim=0.9758)
  ← 系统辨识来建模  (sim=0.9448)
  ← 系统辨识法  (sim=0.9789)

标准名: 【自适应增强学习控制器】 (共 5 个)
  ← 自适应增强学习控制器及其相关结构  (sim=0.9772)
  ← 自适应强化学习控制器  (sim=0.9709)
  ← 自适应强化学习控制技术  (sim=0.9564)
  ← 自适应强化学习控制架构  (sim=0.9552)

标准名: 【\frac{\partial \boldsymbol{x}}{\partial \boldsymbol{\theta}}】 (共 4 个)
  ← $\frac{\partial \boldsymbol{u}}{\partial \boldsymbol{\theta}}(t)  (sim=0.9592)
  ← $\frac{\partial \boldsymbol{x}}{\partial \boldsymbol{\theta}}$  (sim=0.9914)
  ← 获得 $\frac{\partial \boldsymbol{x}}{\partial \boldsymbol{\theta}}$  (sim=0.9662)

标准名: 【Morphing Aircraft】 (共 4 个)
  ← Morphing aircraft  (sim=0.9947)
  ← Morphing aircraft control  (sim=0.9567)
  ← Morphing aircraft technology  (sim=0.9690)

标准名: 【flight control method】 (共 4 个)
  ← flight control strategy  (sim=0.9724)
  ← flight control system  (sim=0.9598)
  ← flight control systems  (sim=0.9547)

标准名: 【micro air vehicle】 (共 4 个)
  ← micro air vehicle applications  (sim=0.9668)
  ← micro air vehicles  (sim=0.9914)
  ← micro-air vehicle  (sim=0.9819)

标准名: 【先进变体系统】 (共 4 个)
  ← 先进变体结构  (sim=0.9561)
  ← 先进变体结构中的应用  (sim=0.9374)
  ← 先进变体结构概念  (sim=0.9337)

标准名: 【多学科耦合研究】 (共 4 个)
  ← 多学科耦合一体化设计  (sim=0.9530)
  ← 多学科耦合一体化设计技术  (sim=0.9314)
  ← 多学科耦合设计  (sim=0.9633)

标准名: 【形状记忆】 (共 4 个)
  ← 形状记忆属性  (sim=0.9601)
  ← 形状记忆效应  (sim=0.9501)
  ← 形状记忆特性  (sim=0.9648)

标准名: 【有限元】 (共 4 个)
  ← 有限元方法  (sim=0.9698)
  ← 有限元模型  (sim=0.9536)
  ← 有限元法  (sim=0.9729)

标准名: 【柔性蒙皮】 (共 4 个)
  ← 柔性蒙皮技术  (sim=0.9725)
  ← 柔性蒙皮材料  (sim=0.9770)
  ← 柔性蒙皮结构  (sim=0.9729)

标准名: 【网格重构】 (共 4 个)
  ← 网格重构技术  (sim=0.9629)
  ← 网格重构方法  (sim=0.9689)
  ← 网格重构问题  (sim=0.9577)

标准名: 【航天运输】 (共 4 个)
  ← 航天运输平台  (sim=0.9437)
  ← 航天运输技术  (sim=0.9603)
  ← 航天运输系统  (sim=0.9591)

标准名: 【$\text{ROI}(x)】 (共 3 个)
  ← $\text{ROI}(x)$  (sim=0.9929)
  ← $\text{ROI}(x_{ij}^*)$  (sim=0.9501)

标准名: 【Q-学习】 (共 3 个)
  ← Q-学习法  (sim=0.9697)
  ← Q-学习算法  (sim=0.9702)

标准名: 【SMA 弹簧装置】 (共 3 个)
  ← SMA 弹簧形式驱动器  (sim=0.9378)
  ← SMA 弹簧驱动器  (sim=0.9374)

标准名: 【Sizing Morphing Aircraft Concepts】 (共 3 个)
  ← Sizing Morphing Aircraft Concepts.  (sim=0.9959)
  ← sizing morphing aircraft concepts  (sim=0.9573)

标准名: 【Structured adaptive model inversion】 (共 3 个)
  ← structured adaptive model inversion  (sim=0.9875)
  ← structured adaptive model inversion controller  (sim=0.9558)

标准名: 【UAV】 (共 3 个)
  ← UAV systems  (sim=0.9436)
  ← UAVs  (sim=0.9730)

标准名: 【aircraft】 (共 3 个)
  ← airplane  (sim=0.9598)
  ← ing aircraft  (sim=0.9684)

标准名: 【aircraft design】 (共 3 个)
  ← aircraft designers  (sim=0.9466)
  ← aircraft designs  (sim=0.9873)

标准名: 【control method】 (共 3 个)
  ← control strategies  (sim=0.9482)
  ← control technology  (sim=0.9439)

标准名: 【morphing wing】 (共 3 个)
  ← morphing wing skeleton  (sim=0.9602)
  ← morphing wings  (sim=0.9847)

标准名: 【movable wing】 (共 3 个)
  ← movable wing section  (sim=0.9684)
  ← movable wings  (sim=0.9880)

标准名: 【multidisciplinary coupling design】 (共 3 个)
  ← multidisciplinary strong coupling  (sim=0.9377)
  ← multidisciplinary strong coupling integrated design system  (sim=0.9417)

标准名: 【主动气动弹性机翼】 (共 3 个)
  ← 主动气动弹性机翼技术  (sim=0.9861)
  ← 设计主动气动弹性机翼  (sim=0.9557)

标准名: 【二级 $A^*$】 (共 3 个)
  ← 二级 $A^*$ 搜索算法  (sim=0.9480)
  ← 二级 $A^*$ 算法  (sim=0.9357)

标准名: 【传统变形决策】 (共 3 个)
  ← 传统变形决策技术  (sim=0.9754)
  ← 传统的变形决策  (sim=0.9904)

标准名: 【偏转】 (共 3 个)
  ← 偏转角  (sim=0.9478)
  ← 偏转速率  (sim=0.9333)

标准名: 【偶极子】 (共 3 个)
  ← 偶极子强度  (sim=0.9631)
  ← 偶极子影响系数  (sim=0.9348)

标准名: 【具有连续蒙皮的伸缩机翼】 (共 3 个)
  ← 具有连续蒙皮的伸缩机翼方案  (sim=0.9913)
  ← 具有连续蒙皮的伸缩翼方案  (sim=0.9765)

标准名: 【减轻结构重量】 (共 3 个)
  ← 降低结构重量  (sim=0.9773)
  ← 降低结构重量和复杂度  (sim=0.9338)

标准名: 【函数逼近】 (共 3 个)
  ← 函数逼近法  (sim=0.9746)
  ← 函数逼近选择  (sim=0.9706)

标准名: 【动态规划】 (共 3 个)
  ← 动态规划法  (sim=0.9719)
  ← 动态规划算法  (sim=0.9697)

标准名: 【变体策略规划】 (共 3 个)
  ← 变体策略优化设计  (sim=0.9380)
  ← 变体策略设计  (sim=0.9566)

标准名: 【变几何】 (共 3 个)
  ← 变几何形状  (sim=0.9575)
  ← 变几何方案  (sim=0.9509)

标准名: 【变形决策】 (共 3 个)
  ← 变形决策与控制  (sim=0.9603)
  ← 变形决策技术  (sim=0.9574)

标准名: 【四面体】 (共 3 个)
  ← 四面体单元  (sim=0.9629)
  ← 四面体核  (sim=0.9494)

标准名: 【图论离散化】 (共 3 个)
  ← 图论离散化性能图  (sim=0.9731)
  ← 通过图论离散化性能图  (sim=0.9305)

标准名: 【垂直起降】 (共 3 个)
  ← 垂直起降模式  (sim=0.9668)
  ← 垂直起降过程  (sim=0.9680)

标准名: 【基于模型的分级控制方法】 (共 3 个)
  ← 基于模型的分级集成规划  (sim=0.9408)
  ← 基于模型的分级集成规划和控制方法  (sim=0.9418)

标准名: 【增大连杆】 (共 3 个)
  ← 增大连杆的厚度  (sim=0.9412)
  ← 增大连杆的宽度  (sim=0.9467)

标准名: 【外形】 (共 3 个)
  ← 形态  (sim=0.9498)
  ← 形状  (sim=0.9553)

标准名: 【外形优化】 (共 3 个)
  ← 外形优化效果  (sim=0.9641)
  ← 外形优化设计  (sim=0.9660)

标准名: 【大展弦比变展长变体飞行器】 (共 3 个)
  ← 大展弦比变展长变体飞行器的设计规律  (sim=0.9819)
  ← 大展弦比变展长变体飞行器设计规律研究  (sim=0.9731)

标准名: 【尾翼空气动力学】 (共 3 个)
  ← 尾翼空气动力学模型  (sim=0.9866)
  ← 机翼空气动力学  (sim=0.9401)

标准名: 【展长】 (共 3 个)
  ← 展长变化  (sim=0.9429)
  ← 展长的增大  (sim=0.9440)

标准名: 【折展变构能力】 (共 3 个)
  ← 折展变构型技术  (sim=0.9693)
  ← 折展变构型能力  (sim=0.9887)

标准名: 【控制分配】 (共 3 个)
  ← 控制分配结果  (sim=0.9685)
  ← 控制分配问题  (sim=0.9591)

标准名: 【时域差分算法】 (共 3 个)
  ← 时域差分强化学习算法  (sim=0.9427)
  ← 时域差分算法的行动选择部分  (sim=0.9467)

标准名: 【降低飞行能耗】 (共 3 个)
  ← 有效降低了飞行油耗  (sim=0.9335)
  ← 降低了飞行油耗  (sim=0.9683)

标准名: 【桁架】 (共 3 个)
  ← 桁架结构  (sim=0.9642)
  ← 桁架连接  (sim=0.9409)

标准名: 【模型预测控制】 (共 3 个)
  ← 模型预测控制器  (sim=0.9855)
  ← 模型预测控制策略  (sim=0.9770)

标准名: 【模态分析法】 (共 3 个)
  ← 模态分析方法  (sim=0.9934)
  ← 模态分析法与模态分析  (sim=0.9632)

标准名: 【沙漠蝗虫】 (共 3 个)
  ← 沙漠蝗虫后翅  (sim=0.9454)
  ← 沙漠蝗虫翅膀  (sim=0.9540)

标准名: 【涡格空气动力学】 (共 3 个)
  ← 涡格法空气动力学  (sim=0.9717)
  ← 涡格空气动力学方法  (sim=0.9860)

标准名: 【硬壳式伸缩翼】 (共 3 个)
  ← 硬壳式伸缩翼变体  (sim=0.9691)
  ← 硬壳式伸缩翼变体方案  (sim=0.9568)

标准名: 【结构舵PID控制器】 (共 3 个)
  ← 结构舵PID控制设计方法  (sim=0.9611)
  ← 结构舵的PID控制器  (sim=0.9852)

标准名: 【结构重量】 (共 3 个)
  ← 结构重量增加  (sim=0.9554)
  ← 结构重量增大  (sim=0.9565)

标准名: 【翼身融合】 (共 3 个)
  ← 翼身融合体  (sim=0.9657)
  ← 翼身融合机体  (sim=0.9584)

标准名: 【计算效率】 (共 3 个)
  ← 计算效率更高  (sim=0.9586)
  ← 计算效率高的方法  (sim=0.9358)

标准名: 【质心】 (共 3 个)
  ← 质心位置  (sim=0.9617)
  ← 质心的移动  (sim=0.9452)

标准名: 【跨域变构飞行器】 (共 3 个)
  ← 跨域变构飞行能力  (sim=0.9814)
  ← 跨域融合变构型飞行器  (sim=0.9569)

标准名: 【路径 1】 (共 3 个)
  ← 路径 2  (sim=0.9788)
  ← 路径 3  (sim=0.9733)

标准名: 【车载变体测试】 (共 3 个)
  ← 车载变体试验  (sim=0.9898)
  ← 车载变体试验平台  (sim=0.9663)

标准名: 【进气道变体】 (共 3 个)
  ← 进气道变体技术  (sim=0.9855)
  ← 进气道变体方案  (sim=0.9881)

标准名: 【递归】 (共 3 个)
  ← 递归的形式  (sim=0.9574)
  ← 递归算法  (sim=0.9563)

标准名: 【非线性、时变、气动耦合】 (共 3 个)
  ← 非线性,时变、气动耦合等问题  (sim=0.9929)
  ← 非线性、时变、气动耦合等问题  (sim=0.9952)

标准名: 【非线性规划法】 (共 3 个)
  ← 非线性最优化问题  (sim=0.9408)
  ← 非线性规划问题  (sim=0.9753)

标准名: 【颤振】 (共 3 个)
  ← 颤振抑制  (sim=0.9419)
  ← 颤振控制  (sim=0.9424)

标准名: 【高空长航时飞机】 (共 3 个)
  ← 高空长航时军用飞机  (sim=0.9470)
  ← 高空长航时飞行器  (sim=0.9646)

标准名: 【鸭翼舵面】 (共 3 个)
  ← 鸭翼舵面导弹  (sim=0.9621)
  ← 鸭翼舵面控制导弹  (sim=0.9462)

标准名: 【0°】 (共 2 个)
  ← 5 degrees  (sim=0.9500)

标准名: 【2000L】 (共 2 个)
  ← 2000L 以内  (sim=0.9614)

标准名: 【自适应 Runge-Kuttas 算法】 (共 2 个)
  ← 4~5 阶自适应 Runge-Kuttas 算法  (sim=0.9422)

标准名: 【A-RLC 架构的学习和航迹跟踪】 (共 2 个)
  ← A-RLC 架构的学习和航迹跟踪性能  (sim=0.9947)

标准名: 【A5】 (共 2 个)
  ← A6  (sim=0.9446)

标准名: 【AIAA-2002-5668】 (共 2 个)
  ← AIAA-2009-5849  (sim=0.9741)

标准名: 【Aileron】 (共 2 个)
  ← Ailerons  (sim=0.9886)

标准名: 【Lyapunov function-based dynamic surface control】 (共 2 个)
  ← Asymmetric integral barrier Lyapunov function-based dynamic surface control  (sim=0.9374)

标准名: 【Attitude control of hypersonic morphing aircraft】 (共 2 个)
  ← attitude control of hypersonic morphing aircraft  (sim=0.9904)

标准名: 【B_1】 (共 2 个)
  ← B_2  (sim=0.9804)

标准名: 【Bio-inspired design】 (共 2 个)
  ← bio-inspired design  (sim=0.9874)

标准名: 【Biplane】 (共 2 个)
  ← Biplane Mode  (sim=0.9562)

标准名: 【Brinson 模型】 (共 2 个)
  ← Brinson 模型的三维扩展  (sim=0.9471)

标准名: 【CM 位移】 (共 2 个)
  ← CM 的位移项  (sim=0.9319)

标准名: 【CPU 时间】 (共 2 个)
  ← CPU 时间消耗  (sim=0.9691)

标准名: 【Computational Fluid Dynamics】 (共 2 个)
  ← computational fluid dynamics methods  (sim=0.9490)

标准名: 【Computational aerodynamics】 (共 2 个)
  ← computational aerodynamics  (sim=0.9744)

标准名: 【DEP 系统】 (共 2 个)
  ← DEP

系统  (sim=0.9385)

标准名: 【Deep reinforcement learning】 (共 2 个)
  ← deep reinforcement learning  (sim=0.9836)

标准名: 【ERBD】 (共 2 个)
  ← ERBD 方法  (sim=0.9340)

标准名: 【FFD】 (共 2 个)
  ← FFD 方法  (sim=0.9335)

标准名: 【Fault tolerant control allocation】 (共 2 个)
  ← fault tolerant control allocation  (sim=0.9805)

标准名: 【Flight dynamic modeling】 (共 2 个)
  ← Flight dynamic modeling and control  (sim=0.9696)

标准名: 【Flight dynamics】 (共 2 个)
  ← flight dynamics  (sim=0.9663)

标准名: 【Fuzzy disturbance observer-based fixed-time sliding mode control】 (共 2 个)
  ← fuzzy disturbance observer-based fixed-time sliding mode control  (sim=0.9942)

标准名: 【GL-10】 (共 2 个)
  ← GL-10 无人机  (sim=0.9386)

标准名: 【Insecta】 (共 2 个)
  ← insecta  (sim=0.9456)

标准名: 【Kagomé 基座】 (共 2 个)
  ← Kagomé 基本架构  (sim=0.9556)

标准名: 【Kane 公式】 (共 2 个)
  ← Kane 公式方法  (sim=0.9815)

标准名: 【L2增益】 (共 2 个)
  ← L2增益性能  (sim=0.9780)

标准名: 【LQR】 (共 2 个)
  ← LQR 方法  (sim=0.9588)

标准名: 【LQR 控制】 (共 2 个)
  ← LQR 控制器  (sim=0.9874)

标准名: 【L_Actuator】 (共 2 个)
  ← R_Actuator  (sim=0.9589)

标准名: 【L_Sensor】 (共 2 个)
  ← R_Sensor  (sim=0.9590)

标准名: 【L_Sub_Ctrl】 (共 2 个)
  ← R_Sub_Ctrl  (sim=0.9546)

标准名: 【L_Wing】 (共 2 个)
  ← R_Wing  (sim=0.9420)

标准名: 【Lagoudas】 (共 2 个)
  ← Lagoudas D  (sim=0.9733)

标准名: 【Lyapunov function】 (共 2 个)
  ← Lyapunov functions  (sim=0.9933)

标准名: 【MAK-10】 (共 2 个)
  ← MAK-101  (sim=0.9820)

标准名: 【MATLAB】 (共 2 个)
  ← matlab  (sim=0.9530)

标准名: 【MAV】 (共 2 个)
  ← MAV/NAV  (sim=0.9430)

标准名: 【MAV applications】 (共 2 个)
  ← MAV applications.  (sim=0.9764)

标准名: 【MFX-2】 (共 2 个)
  ← MFX-1、MFX-2  (sim=0.9438)

标准名: 【Ma=3.0 Deflectable nose】 (共 2 个)
  ← Ma=6.0 Deflectable nose  (sim=0.9819)

标准名: 【Mechanical properties】 (共 2 个)
  ← mechanical properties  (sim=0.9458)

标准名: 【Morphing process】 (共 2 个)
  ← Morphing envelope  (sim=0.9457)

标准名: 【Movable and fixed wings】 (共 2 个)
  ← fixed and movable wings  (sim=0.9400)

标准名: 【New Jersey】 (共 2 个)
  ← New Jersey.  (sim=0.9616)

标准名: 【NiTi 合金】 (共 2 个)
  ← NiTi 合金铪  (sim=0.9710)

标准名: 【NiTinol】 (共 2 个)
  ← NiTinol alloys  (sim=0.9334)

标准名: 【Non-hierarchical multi-model fusion order reduction】 (共 2 个)
  ← non-hierarchical multi-model fusion order reduction  (sim=0.9947)

标准名: 【PID 控制】 (共 2 个)
  ← PID 控制方法  (sim=0.9816)

标准名: 【Papilionidae】 (共 2 个)
  ← Papilionoidea  (sim=0.9506)

标准名: 【Parameterized modeling methodology】 (共 2 个)
  ← parameterized modeling methodology  (sim=0.9764)

标准名: 【Pressure distribution】 (共 2 个)
  ← pressure distribution  (sim=0.9761)

标准名: 【Q_s_a】 (共 2 个)
  ← Q_s_a_g  (sim=0.9742)

标准名: 【RL 控制】 (共 2 个)
  ← RL 控制任务  (sim=0.9568)

标准名: 【RL 智能体能收敛到一个近似策略】 (共 2 个)
  ← RL 智能体学习了一个合适的近优策略  (sim=0.9331)

标准名: 【SMA】 (共 2 个)
  ← SMA 选择  (sim=0.9330)

标准名: 【SMA 丝】 (共 2 个)
  ← SMA 丝的长度  (sim=0.9398)

标准名: 【SMA 体求解领域】 (共 2 个)
  ← 考虑 SMA 体求解领域  (sim=0.9601)

标准名: 【Self-learning Model Predictive Attitude Control Method】 (共 2 个)
  ← self-learning model predictive attitude control method  (sim=0.9377)

标准名: 【Smart Materials and Structures】 (共 2 个)
  ← smart materials and structures  (sim=0.9650)

标准名: 【Space power generation】 (共 2 个)
  ← space power generation  (sim=0.9785)

标准名: 【Spalart-Allmaras（S-A）模型】 (共 2 个)
  ← 一方程Spalart-Allmaras（S-A）模型  (sim=0.9746)

标准名: 【Sutton and Barto】 (共 2 个)
  ← Sutton and Barton  (sim=0.9361)

标准名: 【T-S 模糊模型】 (共 2 个)
  ← T-S 模糊理论  (sim=0.9862)

标准名: 【U型槽】 (共 2 个)
  ← U 型槽  (sim=0.9441)

标准名: 【V 型尾翼】 (共 2 个)
  ← V 形尾翼  (sim=0.9504)

标准名: 【Valasek】 (共 2 个)
  ← Valasek J  (sim=0.9451)

标准名: 【\Omega_1】 (共 2 个)
  ← \Omega_2  (sim=0.9776)

标准名: 【\delta_a】 (共 2 个)
  ← \delta_r  (sim=0.9400)

标准名: 【\hat{p}_1】 (共 2 个)
  ← \hat{p}_2  (sim=0.9885)

标准名: 【\hat{q}_1】 (共 2 个)
  ← \hat{q}_2  (sim=0.9915)

标准名: 【mathcal{M】 (共 2 个)
  ← \mathcal{M}  (sim=0.9512)

标准名: 【\pi'】 (共 2 个)
  ← \pi''  (sim=0.9792)

标准名: 【actuation concepts】 (共 2 个)
  ← actuation mechanisms  (sim=0.9446)

标准名: 【adaptive or morphing aircraft】 (共 2 个)
  ← dynamic-driven morphing aircraft  (sim=0.9515)

标准名: 【aerodynamic and aerothermodynamic charac】 (共 2 个)
  ← aerodynamic and aerothermodynamic characteristics  (sim=0.9787)

标准名: 【aeroelastic devices】 (共 2 个)
  ← aeroelastic modeling  (sim=0.9439)

标准名: 【aileron】 (共 2 个)
  ← aileron area  (sim=0.9413)

标准名: 【aileron deflection】 (共 2 个)
  ← aileron deflection angle  (sim=0.9749)

标准名: 【angle of attack】 (共 2 个)
  ← angle of attack.  (sim=0.9892)

标准名: 【application】 (共 2 个)
  ← applications  (sim=0.9609)

标准名: 【automated cruise flap】 (共 2 个)
  ← stable automated cruise flap  (sim=0.9609)

标准名: 【ic-driven morphing】 (共 2 个)
  ← autonomous morphing  (sim=0.9343)

标准名: 【bird】 (共 2 个)
  ← birds  (sim=0.9884)

标准名: 【calculation】 (共 2 个)
  ← calculations  (sim=0.9669)

标准名: 【canard】 (共 2 个)
  ← canard controls  (sim=0.9393)

标准名: 【component modal synthesis】 (共 2 个)
  ← component modal synthesis and stability analysis  (sim=0.9367)

标准名: 【dynamic simulation】 (共 2 个)
  ← continuous dynamic simulation  (sim=0.9303)

标准名: 【control surface】 (共 2 个)
  ← control surfaces  (sim=0.9689)

标准名: 【fixed wing】 (共 2 个)
  ← fixed wings  (sim=0.9533)

标准名: 【flight envelope】 (共 2 个)
  ← flight envelope boundaries  (sim=0.9571)

标准名: 【gull-wing aircraft】 (共 2 个)
  ← gull-wing aircraft wings  (sim=0.9695)

标准名: 【high aspect ratio】 (共 2 个)
  ← high aspect ratios  (sim=0.9560)

标准名: 【insect wings】 (共 2 个)
  ← insect wing folding  (sim=0.9434)

标准名: 【jet noise】 (共 2 个)
  ← jet noise reduction  (sim=0.9393)

标准名: 【left V-tail】 (共 2 个)
  ← right V-tail  (sim=0.9688)

标准名: 【lift coefficient】 (共 2 个)
  ← lift coefficient loss  (sim=0.9494)

标准名: 【lift loss】 (共 2 个)
  ← lift losses  (sim=0.9482)

标准名: 【machine learning】 (共 2 个)
  ← machine learning technology  (sim=0.9443)

标准名: 【maximum lift coefficient】 (共 2 个)
  ← maximum lift coefficient loss  (sim=0.9682)

标准名: 【mechanism】 (共 2 个)
  ← mechanisms  (sim=0.9876)

标准名: 【meta-learning-based morphing aircraft intelligent control】 (共 2 个)
  ← meta-learning-based morphing aircraft intelligent control design method  (sim=0.9827)

标准名: 【morphing airfoil】 (共 2 个)
  ← morphing airfoils  (sim=0.9587)

标准名: 【morphing unmanned air vehicles】 (共 2 个)
  ← morphing unmanned air vehicles.  (sim=0.9949)

标准名: 【nonlinear programming】 (共 2 个)
  ← nonlinear programming.  (sim=0.9908)

标准名: 【one-way shape memory effect】 (共 2 个)
  ← two-way shape memory effect  (sim=0.9673)

标准名: 【plastic strains】 (共 2 个)
  ← plastic deformation  (sim=0.9492)

标准名: 【propeller】 (共 2 个)
  ← propellers  (sim=0.9783)

标准名: 【pseudo-random numbers】 (共 2 个)
  ← pseudo-random numbers in 3D  (sim=0.9390)

标准名: 【shape memory alloy actuators】 (共 2 个)
  ← shape memory alloy actuator system  (sim=0.9640)

标准名: 【shape memory effect】 (共 2 个)
  ← shape memory effects  (sim=0.9821)

标准名: 【shape optimization】 (共 2 个)
  ← us shape optimization  (sim=0.9458)

标准名: 【simulation model】 (共 2 个)
  ← simulation model.  (sim=0.9843)

标准名: 【stability】 (共 2 个)
  ← stability analysis  (sim=0.9386)

标准名: 【static stability】 (共 2 个)
  ← static stability margin  (sim=0.9380)

标准名: 【takeoff/landing performance】 (共 2 个)
  ← takeoff and landing facilities  (sim=0.9468)

标准名: 【tetrahedral element】 (共 2 个)
  ← tetrahedral structure  (sim=0.9494)

标准名: 【trapezoidal wing】 (共 2 个)
  ← trapezoidal wings  (sim=0.9921)

标准名: 【v_1】 (共 2 个)
  ← v_2  (sim=0.9732)

标准名: 【variable-span morphing aircraft】 (共 2 个)
  ← variable-span morphing technology  (sim=0.9481)

标准名: 【wide-speed aerodynamic layout】 (共 2 个)
  ← wide-speed-range aerodynamic configuration  (sim=0.9676)

标准名: 【wind tunnel test】 (共 2 个)
  ← wind tunnel testing  (sim=0.9875)

标准名: 【wings】 (共 2 个)
  ← wingspan  (sim=0.9563)

标准名: 【wingtip】 (共 2 个)
  ← wingtip chained  (sim=0.9459)

标准名: 【一个整体】 (共 2 个)
  ← 整个系统的  (sim=0.9334)

标准名: 【一体化设计】 (共 2 个)
  ← 一体化设计方法  (sim=0.9566)

标准名: 【编码李雅普诺夫函数的适应神经网络动态曲面控制方法】 (共 2 个)
  ← 一种基于编码李雅普诺夫函数的适应神经网络动态曲面控制方法  (sim=0.9727)

标准名: 【一维的】 (共 2 个)
  ← 一维模型  (sim=0.9465)

标准名: 【一阶导数】 (共 2 个)
  ← 一阶、二阶导数  (sim=0.9332)

标准名: 【上偏】 (共 2 个)
  ← 下偏  (sim=0.9615)

标准名: 【上反】 (共 2 个)
  ← 上反角  (sim=0.9597)

标准名: 【上机翼的实际攻角】 (共 2 个)
  ← 下机翼的实际攻角  (sim=0.9532)

标准名: 【上述关键问题】 (共 2 个)
  ← 诸多关键问题  (sim=0.9662)

标准名: 【不同构型】 (共 2 个)
  ← 不同的构型  (sim=0.9457)

标准名: 【不同的飞行任务】 (共 2 个)
  ← 多种飞行任务和飞行条件  (sim=0.9496)

标准名: 【对称偏转】 (共 2 个)
  ← 不对称偏转  (sim=0.9454)

标准名: 【平滑切换】 (共 2 个)
  ← 专属平滑切换  (sim=0.9380)

标准名: 【主动控制技术】 (共 2 个)
  ← 主动控制装置  (sim=0.9304)

标准名: 【亚声速】 (共 2 个)
  ← 亚声速飞行条件  (sim=0.9306)

标准名: 【代价函数】 (共 2 个)
  ← 代价函数式  (sim=0.9813)

标准名: 【仿生】 (共 2 个)
  ← 仿生学  (sim=0.9550)

标准名: 【仿生变体】 (共 2 个)
  ← 仿生变体概念  (sim=0.9805)

标准名: 【仿真】 (共 2 个)
  ← 模拟  (sim=0.9382)

标准名: 【优化固定结构飞行器】 (共 2 个)
  ← 优化固定结构飞行器的飞行航迹  (sim=0.9469)

标准名: 【优化方法】 (共 2 个)
  ← 优化算法  (sim=0.9357)

标准名: 【优化机翼面积、展弦比、后掠角、相对厚度】 (共 2 个)
  ← 实现机翼翼面积、展长、后掠角的大幅变化  (sim=0.9502)

标准名: 【传统尾翼】 (共 2 个)
  ← 常规尾翼  (sim=0.9347)

标准名: 【传统铰链控制方式】 (共 2 个)
  ← 现代常规铰链控制  (sim=0.9329)

标准名: 【估计扰动】 (共 2 个)
  ← 状态扰动  (sim=0.9421)

标准名: 【伸缩翼】 (共 2 个)
  ← 伸缩翼变体  (sim=0.9335)

标准名: 【伺服电机】 (共 2 个)
  ← 伺服电动机  (sim=0.9378)

标准名: 【伺服约束】 (共 2 个)
  ← 伺服约束的原则  (sim=0.9542)

标准名: 【低速翼型】 (共 2 个)
  ← 低速翼型性能  (sim=0.9761)

标准名: 【低速飞行时的升力特性】 (共 2 个)
  ← 低速飞行时的气动载荷  (sim=0.9314)

标准名: 【悬停和高飞行控制】 (共 2 个)
  ← 使悬停和高飞行控制  (sim=0.9661)

标准名: 【使用维护成本】 (共 2 个)
  ← 使用与维护成本  (sim=0.9312)

标准名: 【使用菱形结构进行驱动的伸缩】 (共 2 个)
  ← 使用菱形结构进行驱动的伸缩机翼方案  (sim=0.9611)

标准名: 【侧向力】 (共 2 个)
  ← 侧向力控制能力  (sim=0.9377)

标准名: 【俯仰动力学】 (共 2 个)
  ← 俯仰动力学方程  (sim=0.9440)

标准名: 【倾斜翼】 (共 2 个)
  ← 机械翼  (sim=0.9355)

标准名: 【偏航力矩】 (共 2 个)
  ← 偏航力矩系数  (sim=0.9784)

标准名: 【偏航性能和侧向稳定性】 (共 2 个)
  ← 提高偏航性能和侧向稳定性  (sim=0.9422)

标准名: 【变体气动布局设计】 (共 2 个)
  ← 先进变体气动布局设计  (sim=0.9603)

标准名: 【全飞行仿真】 (共 2 个)
  ← 全过程飞行仿真  (sim=0.9517)

标准名: 【六自由度模型】 (共 2 个)
  ← 六自由度的测量单元  (sim=0.9315)

标准名: 【六轴加速度计】 (共 2 个)
  ← 六轴加速度传感器  (sim=0.9870)

标准名: 【关节】 (共 2 个)
  ← 骨骼  (sim=0.9342)

标准名: 【内侧杆】 (共 2 个)
  ← 外侧杆  (sim=0.9666)

标准名: 【内侧段】 (共 2 个)
  ← 外侧段  (sim=0.9508)

标准名: 【内收缩式进气道】 (共 2 个)
  ← 内收缩式变几何进气道  (sim=0.9394)

标准名: 【再入段】 (共 2 个)
  ← 再入段拟  (sim=0.9698)

标准名: 【决策制定】 (共 2 个)
  ← 决策问题  (sim=0.9316)

标准名: 【几何外形设计】 (共 2 个)
  ← 几何外形设计方法  (sim=0.9734)

标准名: 【几何形状】 (共 2 个)
  ← 几何形状变化  (sim=0.9532)

标准名: 【凸优化】 (共 2 个)
  ← 凸优化求解  (sim=0.9525)

标准名: 【分切区间和线性插值方式】 (共 2 个)
  ← 通过分切区间和线性插值方式实现平滑切换  (sim=0.9519)

标准名: 【分布式 SMA 活动组件】 (共 2 个)
  ← 分布式 SMA 活动组件构建基底内部结构  (sim=0.9342)

标准名: 【分布式感知】 (共 2 个)
  ← 分布式感知和驱动  (sim=0.9565)

标准名: 【分布式电推进技术】 (共 2 个)
  ← 分布式电推进系统  (sim=0.9797)

标准名: 【分离流】 (共 2 个)
  ← 流动分离  (sim=0.9395)

标准名: 【切换控制】 (共 2 个)
  ← 切换控制器  (sim=0.9410)

标准名: 【刚性变体】 (共 2 个)
  ← 刚性变构  (sim=0.9534)

标准名: 【空气动力制动】 (共 2 个)
  ← 利用空气动力制动  (sim=0.9594)

标准名: 【翅膀变形控制极度不稳定飞行状态】 (共 2 个)
  ← 利用翅膀变形控制极度不稳定飞行状态  (sim=0.9385)

标准名: 【前缘变弯度】 (共 2 个)
  ← 后缘变弯度  (sim=0.9619)

标准名: 【前翅】 (共 2 个)
  ← 后翅  (sim=0.9784)

标准名: 【剪切式滑动蒙皮变后掠翼】 (共 2 个)
  ← 剪切式滑动蒙皮变后掠翼设计与优化  (sim=0.9784)

标准名: 【副翼辅助变体】 (共 2 个)
  ← 副翼辅助变体横滚  (sim=0.9594)

标准名: 【功率惩罚】 (共 2 个)
  ← 功率惩罚原则  (sim=0.9438)

标准名: 【螺旋桨】 (共 2 个)
  ← 动力螺旋桨  (sim=0.9429)

标准名: 【动态非线性气动力建模方法】 (共 2 个)
  ← 非线性、非定常气动力建模  (sim=0.9395)

标准名: 【勘探】 (共 2 个)
  ← 开采  (sim=0.9521)

标准名: 【升力系数为 0.2】 (共 2 个)
  ← 升力系数为 0.2 配置  (sim=0.9751)

标准名: 【升力风扇】 (共 2 个)
  ← 升力风扇技术  (sim=0.9718)

标准名: 【升阻比】 (共 2 个)
  ← 升阻比对比  (sim=0.9809)

标准名: 【升降舵】 (共 2 个)
  ← 方向升降舵  (sim=0.9344)

标准名: 【单个刚体】 (共 2 个)
  ← 单个刚体假设  (sim=0.9704)

标准名: 【单程形状记忆效应】 (共 2 个)
  ← 双程形状记忆效应  (sim=0.9683)

标准名: 【单轴拉伸张力】 (共 2 个)
  ← 单轴拉伸/压缩  (sim=0.9419)

标准名: 【单链多体系统】 (共 2 个)
  ← 单链多体系统的模型  (sim=0.9830)

标准名: 【参数化控制器】 (共 2 个)
  ← 参数化控制策略  (sim=0.9432)

标准名: 【参数扫描】 (共 2 个)
  ← 参数扫描方法  (sim=0.9729)

标准名: 【参数拟定】 (共 2 个)
  ← 参数拟定模块  (sim=0.9603)

标准名: 【双翼失速】 (共 2 个)
  ← 双翼的失速攻角  (sim=0.9347)

标准名: 【反馈线性化】 (共 2 个)
  ← 反馈线性化控制器  (sim=0.9580)

标准名: 【液压】 (共 2 个)
  ← 发动机  (sim=0.9326)

标准名: 【变体动态系统自动化集成规划/控制问题】 (共 2 个)
  ← 解决这类变体动态系统自动化集成规划/控制问题  (sim=0.9628)

标准名: 【变体飞行器热防护】 (共 2 个)
  ← 高速变体飞行器的热防护  (sim=0.9416)

标准名: 【变体飞行器非线性切换系统】 (共 2 个)
  ← 变体飞行器非线性控制系统  (sim=0.9795)

标准名: 【变后缘】 (共 2 个)
  ← 变后缘翼  (sim=0.9547)

标准名: 【变形控制】 (共 2 个)
  ← 变形控制器  (sim=0.9451)

标准名: 【变形控制与姿态控制】 (共 2 个)
  ← 变形控制与姿态控制一体化设计  (sim=0.9738)

标准名: 【变形机翼】 (共 2 个)
  ← 变形机翼结构  (sim=0.9661)

标准名: 【变形策略】 (共 2 个)
  ← 变形策略设计  (sim=0.9543)

标准名: 【变形翼】 (共 2 个)
  ← 变形翼骨架  (sim=0.9386)

标准名: 【变扭转】 (共 2 个)
  ← 叶片扭转  (sim=0.9372)

标准名: 【右机翼】 (共 2 个)
  ← 左机翼  (sim=0.9470)

标准名: 【右襟翼】 (共 2 个)
  ← 左襟翼  (sim=0.9781)

标准名: 【命令滤波】 (共 2 个)
  ← 命令滤波技术  (sim=0.9779)

标准名: 【四元数】 (共 2 个)
  ← 四元数方法  (sim=0.9687)

标准名: 【固定-时间预定性能控制】 (共 2 个)
  ← 固定-时间预定了的性能控制  (sim=0.9691)

标准名: 【固定结构】 (共 2 个)
  ← 固定结构设计  (sim=0.9460)

标准名: 【图像、声音和化学传感器】 (共 2 个)
  ← 图像、声音和化学传感器的有效载荷  (sim=0.9410)

标准名: 【图形的节点】 (共 2 个)
  ← 图形上的节点  (sim=0.9566)

标准名: 【有限空间起降】 (共 2 个)
  ← 在有限空间起降  (sim=0.9496)

标准名: 【在线训练】 (共 2 个)
  ← 在线训练方式  (sim=0.9719)

标准名: 【地球上的角动量矢量】 (共 2 个)
  ← 表示地球上的角动量矢量  (sim=0.9771)

标准名: 【垂尾】 (共 2 个)
  ← 垂尾顶部  (sim=0.9626)

标准名: 【垂直安定面】 (共 2 个)
  ← 水平安定面  (sim=0.9392)

标准名: 【热流固多场耦合分析】 (共 2 个)
  ← 基于热流固多场耦合分析  (sim=0.9725)

标准名: 【基本三角形】 (共 2 个)
  ← 基本三角形的结构  (sim=0.9666)

标准名: 【飞机的展弦比】 (共 2 个)
  ← 增大飞机的展弦比  (sim=0.9367)

标准名: 【增强学习】 (共 2 个)
  ← 增强学习理论  (sim=0.9347)

标准名: 【增益调整】 (共 2 个)
  ← 增益自调整  (sim=0.9340)

标准名: 【增益调度思想】 (共 2 个)
  ← 增益调度控制方法  (sim=0.9592)

标准名: 【增稳系统】 (共 2 个)
  ← 增稳控制方案  (sim=0.9382)

标准名: 【复合材料】 (共 2 个)
  ← 复合材料结构  (sim=0.9491)

标准名: 【复式引擎】 (共 2 个)
  ← 复式引擎动力装置  (sim=0.9361)

标准名: 【复杂】 (共 2 个)
  ← 复杂性  (sim=0.9342)

标准名: 【复杂结构】 (共 2 个)
  ← 结构复杂度  (sim=0.9604)

标准名: 【多体模型】 (共 2 个)
  ← 多体模型的配置  (sim=0.9591)

标准名: 【多刚体建模】 (共 2 个)
  ← 多刚体建模方法  (sim=0.9876)

标准名: 【多种任务目标】 (共 2 个)
  ← 多种任务需求  (sim=0.9551)

标准名: 【多维度柔性变形】 (共 2 个)
  ← 多维度柔性变形阶段  (sim=0.9770)

标准名: 【大尺度形状变化】 (共 2 个)
  ← 大尺度形状变化的驱动器  (sim=0.9390)

标准名: 【太阳能电池阵列】 (共 2 个)
  ← 太阳能电池阵列展开机构  (sim=0.9475)

标准名: 【头部变体】 (共 2 个)
  ← 头部变体技术  (sim=0.9664)

标准名: 【奇异元的选取】 (共 2 个)
  ← 奇异元的选择  (sim=0.9857)

标准名: 【奥氏体】 (共 2 个)
  ← 奥氏体相  (sim=0.9587)

标准名: 【迟滞空间】 (共 2 个)
  ← 学习迟滞空间  (sim=0.9340)

标准名: 【它】 (共 2 个)
  ← 这  (sim=0.9323)

标准名: 【自适应马氏体】 (共 2 个)
  ← 完全自适应马氏体  (sim=0.9620)

标准名: 【定常计算】 (共 2 个)
  ← 定常计算结果  (sim=0.9723)

标准名: 【实例】 (共 2 个)
  ← 实现  (sim=0.9336)

标准名: 【实时最优控制】 (共 2 个)
  ← 实时最优控制求解  (sim=0.9599)

标准名: 【实现方式】 (共 2 个)
  ← 实现方法  (sim=0.9325)

标准名: 【容积侵占】 (共 2 个)
  ← 容积侵占低  (sim=0.9633)

标准名: 【容错控制】 (共 2 个)
  ← 容错控制问题  (sim=0.9722)

标准名: 【对连杆和铰链的强度和刚度要求】 (共 2 个)
  ← 降低对连杆和铰链的强度和刚度要求  (sim=0.9643)

标准名: 【导弹迎角】 (共 2 个)
  ← 导弹迎角的变化  (sim=0.9689)

标准名: 【导数】 (共 2 个)
  ← 导数值  (sim=0.9595)

标准名: 【小型无人机】 (共 2 个)
  ← 民用无人机  (sim=0.9301)

标准名: 【小翼】 (共 2 个)
  ← 小翼羽  (sim=0.9488)

标准名: 【尾流】 (共 2 个)
  ← 尾流内  (sim=0.9603)

标准名: 【尾部】 (共 2 个)
  ← 尾部的运动  (sim=0.9445)

标准名: 【局部最优姿态控制】 (共 2 个)
  ← 局部最优姿态控制算法  (sim=0.9874)

标准名: 【局部气动干扰】 (共 2 个)
  ← 局部气动干扰问题  (sim=0.9853)

标准名: 【层流机翼】 (共 2 个)
  ← 层流机翼设计  (sim=0.9760)

标准名: 【展向升力分布】 (共 2 个)
  ← 展向升力分布较差  (sim=0.9781)

标准名: 【展向弯曲】 (共 2 个)
  ← 展向变弯曲  (sim=0.9502)

标准名: 【展向自适应机翼】 (共 2 个)
  ← 展向自适应机翼技术  (sim=0.9831)

标准名: 【展开构型壁面网格】 (共 2 个)
  ← 折叠构型壁面网格  (sim=0.9363)

标准名: 【巡航飞行】 (共 2 个)
  ← 航线飞行  (sim=0.9366)

标准名: 【巡航高度】 (共 2 个)
  ← 飞行高度  (sim=0.9416)

标准名: 【工程】 (共 2 个)
  ← 机械  (sim=0.9364)

标准名: 【工程梁方法】 (共 2 个)
  ← 工程梁模型法  (sim=0.9553)

标准名: 【希望】 (共 2 个)
  ← 期望  (sim=0.9365)

标准名: 【常数】 (共 2 个)
  ← 常量  (sim=0.9371)

标准名: 【常规机翼】 (共 2 个)
  ← 常规的机翼  (sim=0.9370)

标准名: 【干扰观测器】 (共 2 个)
  ← 干扰观测器设计  (sim=0.9724)

标准名: 【平的面板】 (共 2 个)
  ← 平的面板结构  (sim=0.9590)

标准名: 【平直无后掠的设计】 (共 2 个)
  ← 平直无后掠或近似平直的小后掠角设计  (sim=0.9441)

标准名: 【平直锥形机翼配置】 (共 2 个)
  ← 平直锥形机翼配置网格图  (sim=0.9700)

标准名: 【广义动力】 (共 2 个)
  ← 广义动力的计算  (sim=0.9503)

标准名: 【广义坐标】 (共 2 个)
  ← 广义坐标系  (sim=0.9742)

标准名: 【建模】 (共 2 个)
  ← 建模方法  (sim=0.9560)

标准名: 【异步肌肉】 (共 2 个)
  ← 异步飞行肌肉  (sim=0.9329)

标准名: 【随机扰动】 (共 2 个)
  ← 引入随机扰动  (sim=0.9388)

标准名: 【弧长函数】 (共 2 个)
  ← 弧长参数  (sim=0.9419)

标准名: 【弹性体】 (共 2 个)
  ← 弹性体方法  (sim=0.9462)

标准名: 【强不确定性】 (共 2 个)
  ← 未知不确定性  (sim=0.9428)

标准名: 【形状记忆合金驱动器】 (共 2 个)
  ← 形状记忆合金驱动器动力学  (sim=0.9666)

标准名: 【径向翅脉】 (共 2 个)
  ← 径向翅脉结构  (sim=0.9815)

标准名: 【循环变体】 (共 2 个)
  ← 循环变体路径  (sim=0.9639)

标准名: 【微分算子】 (共 2 个)
  ← 微分算子和代数处理形式  (sim=0.9406)

标准名: 【微电子工业】 (共 2 个)
  ← 微电子技术  (sim=0.9345)

标准名: 【性能优化】 (共 2 个)
  ← 性能提升  (sim=0.9425)

标准名: 【总动能】 (共 2 个)
  ← 系统的动能  (sim=0.9555)

标准名: 【惯性坐标系】 (共 2 个)
  ← 惯性坐标系中的向量  (sim=0.9558)

标准名: 【感知器】 (共 2 个)
  ← 感知器网络  (sim=0.9694)

标准名: 【扑翼飞行器直线水平飞行】 (共 2 个)
  ← 扑翼飞行器直线水平飞行时的相关数据  (sim=0.9733)

标准名: 【执行器控制分配】 (共 2 个)
  ← 执行器控制分配问题  (sim=0.9810)

标准名: 【扩大巡航翼展】 (共 2 个)
  ← 扩展一倍巡航翼展  (sim=0.9383)

标准名: 【扩大飞行包线】 (共 2 个)
  ← 扩展飞行包线  (sim=0.9491)

标准名: 【扭转和弯度分布】 (共 2 个)
  ← 扭转和弯度变化  (sim=0.9762)

标准名: 【扭转翅膀】 (共 2 个)
  ← 调整翅膀扭转  (sim=0.9371)

标准名: 【扭转角】 (共 2 个)
  ← 负扭转角  (sim=0.9383)

标准名: 【扰动力】 (共 2 个)
  ← 扰动力矩  (sim=0.9478)

标准名: 【抗侧风】 (共 2 个)
  ← 抗侧风能力  (sim=0.9635)

标准名: 【抗扰动控制】 (共 2 个)
  ← 抗扰动能力  (sim=0.9362)

标准名: 【折叠构型飞行器】 (共 2 个)
  ← 折叠构型的飞行器  (sim=0.9883)

标准名: 【折叠翼尖】 (共 2 个)
  ← 折叠翼尖技术  (sim=0.9691)

标准名: 【折叠翼飞机】 (共 2 个)
  ← 折叠翼飞行器  (sim=0.9597)

标准名: 【折叠角】 (共 2 个)
  ← 折叠角度  (sim=0.9546)

标准名: 【折纸方法】 (共 2 个)
  ← 折纸方法原理  (sim=0.9568)

标准名: 【拟坐标】 (共 2 个)
  ← 拟坐标形式  (sim=0.9698)

标准名: 【控制参数】 (共 2 个)
  ← 控制器参数  (sim=0.9556)

标准名: 【控制导数】 (共 2 个)
  ← 稳定导数  (sim=0.9308)

标准名: 【控制系统建模】 (共 2 个)
  ← 控制系统建模技术  (sim=0.9761)

标准名: 【适应性变体】 (共 2 个)
  ← 控制适应性变体  (sim=0.9429)

标准名: 【控制面】 (共 2 个)
  ← 控制面失效  (sim=0.9345)

标准名: 【推力】 (共 2 个)
  ← 推力限制  (sim=0.9402)

标准名: 【提前着陆】 (共 2 个)
  ← 提前着陆量  (sim=0.9559)

标准名: 【提高气动效率】 (共 2 个)
  ← 更高的气动效率  (sim=0.9685)

标准名: 【起降过载】 (共 2 个)
  ← 提高起降过载  (sim=0.9356)

标准名: 【飞行器低速和高速机动性】 (共 2 个)
  ← 提高飞行器低速和高速机动性  (sim=0.9690)

标准名: 【操纵性能】 (共 2 个)
  ← 操纵效能  (sim=0.9579)

标准名: 【收敛率】 (共 2 个)
  ← 收敛速度  (sim=0.9412)

标准名: 【改变机翼厚度】 (共 2 个)
  ← 改变机翼翼展  (sim=0.9329)

标准名: 【调整机翼的平面形状】 (共 2 个)
  ← 改变机翼的平面设计参数  (sim=0.9582)

标准名: 【救灾】 (共 2 个)
  ← 自然灾害  (sim=0.9304)

标准名: 【数值导数】 (共 2 个)
  ← 数值导数的精度  (sim=0.9555)

标准名: 【数值模拟】 (共 2 个)
  ← 数值模拟技术  (sim=0.9707)

标准名: 【数值积分】 (共 2 个)
  ← 数值积分计算  (sim=0.9744)

标准名: 【数值计算】 (共 2 个)
  ← 数值计算方法  (sim=0.9648)

标准名: 【数值误差】 (共 2 个)
  ← 计算误差  (sim=0.9550)

标准名: 【整体飞行性能】 (共 2 个)
  ← 整体飞行性能的全面提升  (sim=0.9721)

标准名: 【整流】 (共 2 个)
  ← 整流处理  (sim=0.9552)

标准名: 【斜置飞翼】 (共 2 个)
  ← 斜置飞翼布局  (sim=0.9574)

标准名: 【新型材料】 (共 2 个)
  ← 新型材料和结构  (sim=0.9471)

标准名: 【新质新域飞行器气动智能设计体系】 (共 2 个)
  ← 未来新质新域飞行器气动智能设计体系  (sim=0.9847)

标准名: 【方程】 (共 2 个)
  ← 方程组  (sim=0.9527)

标准名: 【旋翼叶片】 (共 2 个)
  ← 旋翼叶片扭曲  (sim=0.9540)

标准名: 【无侦-7 无人机】 (共 2 个)
  ← 无侦-7 无人侦察机  (sim=0.9542)

标准名: 【无后掠角】 (共 2 个)
  ← 无后掠角的设计  (sim=0.9717)

标准名: 【无因次形式】 (共 2 个)
  ← 无因次置换  (sim=0.9396)

标准名: 【无粘性流动】 (共 2 个)
  ← 无黏性流体  (sim=0.9416)

标准名: 【早期舰载机】 (共 2 个)
  ← 现代舰载机  (sim=0.9523)

标准名: 【时变】 (共 2 个)
  ← 时变性  (sim=0.9622)

标准名: 【时变惯量】 (共 2 个)
  ← 时变惯量的影响  (sim=0.9813)

标准名: 【鸟类和蝙蝠的翅膀】 (共 2 个)
  ← 昆虫、鸟类和蝙蝠的翅膀变形  (sim=0.9477)

标准名: 【智能柔性机翼】 (共 2 个)
  ← 智能柔性可变形机翼  (sim=0.9331)

标准名: 【智能结构】 (共 2 个)
  ← 智能结构技术  (sim=0.9683)

标准名: 【最优外形】 (共 2 个)
  ← 最佳外形  (sim=0.9393)

标准名: 【最佳飞行性能】 (共 2 个)
  ← 最优的飞行性能  (sim=0.9403)

标准名: 【最优策略】 (共 2 个)
  ← 最佳策略  (sim=0.9408)

标准名: 【最大允许步长】 (共 2 个)
  ← 确定最大的允许步长  (sim=0.9577)

标准名: 【最大和最小的升力】 (共 2 个)
  ← 最大和最小的升力的形状  (sim=0.9718)

标准名: 【最小速度包线】 (共 2 个)
  ← 最小速度包线右移  (sim=0.9623)

标准名: 【铰链襟翼】 (共 2 个)
  ← 有铰链襟翼的机翼  (sim=0.9417)

标准名: 【有限时间收敛滑模控制】 (共 2 个)
  ← 有限时间收敛滑模控制方法  (sim=0.9914)

标准名: 【未学习的模型预测控制】 (共 2 个)
  ← 未经学习的模型预测控制方法  (sim=0.9537)

标准名: 【未来飞行器】 (共 2 个)
  ← 未来飞行器设计  (sim=0.9601)

标准名: 【机动性】 (共 2 个)
  ← 机动能力  (sim=0.9530)

标准名: 【机翼上表面附面层控制样机】 (共 2 个)
  ← 机翼上

表面附面层的操控  (sim=0.9604)

标准名: 【机翼蒙皮的开口位置】 (共 2 个)
  ← 机翼的蒙皮需要有较大尺度的开口  (sim=0.9401)

标准名: 【机翼空间占用】 (共 2 个)
  ← 机翼空间结构的需求  (sim=0.9335)

标准名: 【机翼部分上的气动力】 (共 2 个)
  ← 获得机翼上的气动力等式  (sim=0.9322)

标准名: 【材料和结构】 (共 2 个)
  ← 材料和结构学科  (sim=0.9552)

标准名: 【材料特性】 (共 2 个)
  ← 物质特性  (sim=0.9361)

标准名: 【来流动压过低】 (共 2 个)
  ← 来流动压过高  (sim=0.9615)

标准名: 【连通图】 (共 2 个)
  ← 构造连通图  (sim=0.9371)

标准名: 【柔性体建模】 (共 2 个)
  ← 柔性体建模方法  (sim=0.9841)

标准名: 【柔性多体系统建模】 (共 2 个)
  ← 柔性多体系统分析方法  (sim=0.9501)

标准名: 【柔性翼】 (共 2 个)
  ← 柔性翼平台  (sim=0.9417)

标准名: 【蜂窝桁架】 (共 2 个)
  ← 柔性蜂窝桁架  (sim=0.9477)

标准名: 【柔性鼓包进气道】 (共 2 个)
  ← 柔性鼓包进气道技术  (sim=0.9871)

标准名: 【查表】 (共 2 个)
  ← 查表法  (sim=0.9608)

标准名: 【标准定义】 (共 2 个)
  ← 标准算法  (sim=0.9354)

标准名: 【栖息】 (共 2 个)
  ← 栖息概念  (sim=0.9361)

标准名: 【模型结构】 (共 2 个)
  ← 模型结构测定  (sim=0.9406)

标准名: 【模型预测】 (共 2 个)
  ← 模型预测精度  (sim=0.9356)

标准名: 【模态】 (共 2 个)
  ← 模态解释  (sim=0.9427)

标准名: 【横向控制】 (共 2 个)
  ← 纵向控制  (sim=0.9673)

标准名: 【横向静稳定性】 (共 2 个)
  ← 纵向静稳定性  (sim=0.9738)

标准名: 【横航向控制】 (共 2 个)
  ← 横航向稳定性  (sim=0.9509)

标准名: 【欧几里得距离】 (共 2 个)
  ← 欧几里得距离成本  (sim=0.9728)

标准名: 【欧拉-拉格朗日系统】 (共 2 个)
  ← 欧拉-拉格朗日系统非线性控制  (sim=0.9547)

标准名: 【正交回归因子】 (共 2 个)
  ← 正交回归因子方法  (sim=0.9878)

标准名: 【气动/结构/动力学耦合研究】 (共 2 个)
  ← 气动/结构/动力学一体化设计方法  (sim=0.9647)

标准名: 【气动中心在变后掠过程中的大幅度变化】 (共 2 个)
  ← 气动中心在变后掠过程中的大幅度变化严重影响整机的操稳性能  (sim=0.9587)

标准名: 【气动力的非线性】 (共 2 个)
  ← 气动力非线性效应  (sim=0.9766)

标准名: 【气动增益】 (共 2 个)
  ← 气动性能增益  (sim=0.9368)

标准名: 【气动干扰】 (共 2 个)
  ← 气动干扰问题  (sim=0.9798)

标准名: 【气动扰动】 (共 2 个)
  ← 气动扰动仿真  (sim=0.9748)

标准名: 【气动舵面】 (共 2 个)
  ← 气动舵面设计  (sim=0.9746)

标准名: 【气流角】 (共 2 个)
  ← 相对气流角  (sim=0.9330)

标准名: 【水平直线飞行】 (共 2 个)
  ← 直线水平飞行仿真  (sim=0.9470)

标准名: 【活动机翼和连杆的变体运动】 (共 2 个)
  ← 活动机翼和连杆的变体运动范围  (sim=0.9943)

标准名: 【活动机翼的阻力、弯矩和扭矩】 (共 2 个)
  ← 活动机翼的阻力、弯矩和扭矩等过大  (sim=0.9923)

标准名: 【活动碳管】 (共 2 个)
  ← 活动碳管向外移动  (sim=0.9327)

标准名: 【流场】 (共 2 个)
  ← 流场变化  (sim=0.9439)

标准名: 【液压驱动器】 (共 2 个)
  ← 液压驱动机构  (sim=0.9633)

标准名: 【渐近稳定】 (共 2 个)
  ← 渐近稳定性  (sim=0.9854)

标准名: 【湍流】 (共 2 个)
  ← 湍流模型  (sim=0.9430)

标准名: 【滚动时域】 (共 2 个)
  ← 滚动时域思想  (sim=0.9681)

标准名: 【滚转力矩】 (共 2 个)
  ← 滚转力矩系数  (sim=0.9744)

标准名: 【滚转操纵响应】 (共 2 个)
  ← 滚转操纵效率  (sim=0.9426)

标准名: 【滞后行为】 (共 2 个)
  ← 滞后行动  (sim=0.9358)

标准名: 【热力学】 (共 2 个)
  ← 热力学概念  (sim=0.9460)

标准名: 【燃料消耗】 (共 2 个)
  ← 燃料的消耗  (sim=0.9389)

标准名: 【燃气涡轮】 (共 2 个)
  ← 燃气涡轮动力装置  (sim=0.9423)

标准名: 【燃油携带】 (共 2 个)
  ← 燃油携带量  (sim=0.9613)

标准名: 【爬升】 (共 2 个)
  ← 爬升阶段  (sim=0.9527)

标准名: 【牛顿-欧拉法】 (共 2 个)
  ← 牛顿-欧拉方程  (sim=0.9609)

标准名: 【牛顿定律】 (共 2 个)
  ← 牛顿第二定律  (sim=0.9425)

标准名: 【物理副翼】 (共 2 个)
  ← 物理副翼控制系统  (sim=0.9676)

标准名: 【物理模型】 (共 2 个)
  ← 物理模型约束  (sim=0.9343)

标准名: 【状态空间】 (共 2 个)
  ← 状态空间形式  (sim=0.9615)

标准名: 【环境适应性】 (共 2 个)
  ← 环境适应能力  (sim=0.9827)

标准名: 【电力】 (共 2 个)
  ← 能源  (sim=0.9366)

标准名: 【目标】 (共 2 个)
  ← 目的  (sim=0.9673)

标准名: 【相变】 (共 2 个)
  ← 相变温度  (sim=0.9360)

标准名: 【瞬时差分法】 (共 2 个)
  ← 瞬时时差分法  (sim=0.9346)

标准名: 【矩阵】 (共 2 个)
  ← 矩阵形式  (sim=0.9403)

标准名: 【碳纤维复合材料】 (共 2 个)
  ← 碳纤维增强复合材料  (sim=0.9650)

标准名: 【离散化 $\Gamma_1$】 (共 2 个)
  ← 离散化 $\Gamma_{ij}^*$  (sim=0.9497)

标准名: 【离散连接变体】 (共 2 个)
  ← 离散的连接变体  (sim=0.9794)

标准名: 【积分反馈】 (共 2 个)
  ← 积分反馈部分  (sim=0.9711)

标准名: 【空天变构飞行器】 (共 2 个)
  ← 空天变构飞行技术  (sim=0.9789)

标准名: 【策略】 (共 2 个)
  ← 行动  (sim=0.9351)

标准名: 【类羽毛单元】 (共 2 个)
  ← 类羽毛结构  (sim=0.9366)

标准名: 【静稳定裕度】 (共 2 个)
  ← 纵向静稳定裕度  (sim=0.9347)

标准名: 【线性化关】 (共 2 个)
  ← 需要线性化关  (sim=0.9495)

标准名: 【线性化方程】 (共 2 个)
  ← 线性化方程组  (sim=0.9847)

标准名: 【线性变参数控制】 (共 2 个)
  ← 线性变参数控制方法  (sim=0.9864)

标准名: 【结构和控制】 (共 2 个)
  ← 结构与控制问题  (sim=0.9500)

标准名: 【结构稳定性】 (共 2 个)
  ← 结构稳定性能  (sim=0.9427)

标准名: 【统计学】 (共 2 个)
  ← 统计学方法  (sim=0.9611)

标准名: 【翅脉】 (共 2 个)
  ← 翅脉群  (sim=0.9578)

标准名: 【翅膀变体的概念】 (共 2 个)
  ← 翅膀变体控制系统  (sim=0.9462)

标准名: 【翅膀运动学】 (共 2 个)
  ← 翅膀运动学的变化  (sim=0.9732)

标准名: 【翼型】 (共 2 个)
  ← 翼型性能  (sim=0.9379)

标准名: 【翼尖】 (共 2 个)
  ← 翼尖羽毛  (sim=0.9334)

标准名: 【翼尖负扭转】 (共 2 个)
  ← 翼尖负扭转的设计  (sim=0.9717)

标准名: 【翼根弯矩】 (共 2 个)
  ← 翼根弯矩也进一步增大  (sim=0.9525)

标准名: 【翼梢小翼】 (共 2 个)
  ← 翼梢小翼主动后缘  (sim=0.9331)

标准名: 【翼阻力】 (共 2 个)
  ← 飞行阻力  (sim=0.9330)

标准名: 【翼面内变形】 (共 2 个)
  ← 翼面外变形  (sim=0.9650)

标准名: 【聚酯织物膜】 (共 2 个)
  ← 聚酯织物膜的纤维胶带  (sim=0.9535)

标准名: 【背负式进气道】 (共 2 个)
  ← 背负式进气道设计  (sim=0.9856)

标准名: 【自然飞行物】 (共 2 个)
  ← 自然界飞行物  (sim=0.9397)

标准名: 【自适应后缘】 (共 2 个)
  ← 自适应柔性后缘  (sim=0.9411)

标准名: 【自适应机翼】 (共 2 个)
  ← 设计自适应机翼  (sim=0.9320)

标准名: 【自适应神经动态曲面控制方法】 (共 2 个)
  ← 适应神经网络动态曲面控制方法  (sim=0.9510)

标准名: 【航向静稳定度】 (共 2 个)
  ← 航向静稳定性  (sim=0.9815)

标准名: 【舰载起降】 (共 2 个)
  ← 航母舰载起降  (sim=0.9362)

标准名: 【航程】 (共 2 个)
  ← 航程收益  (sim=0.9326)

标准名: 【舵面】 (共 2 个)
  ← 舵面设计  (sim=0.9369)

标准名: 【荷兰滚模态判据】 (共 2 个)
  ← 荷兰滚模态判据曲线  (sim=0.9847)

标准名: 【蒙皮的弹性力】 (共 2 个)
  ← 蒙皮的弹性力影响  (sim=0.9886)

标准名: 【虚功准则】 (共 2 个)
  ← 虚功原理  (sim=0.9548)

标准名: 【蝗虫后翅】 (共 2 个)
  ← 蝗虫翅膀  (sim=0.9308)

标准名: 【行动空间】 (共 2 个)
  ← 行动空间的学习  (sim=0.9454)

标准名: 【行动选择策略】 (共 2 个)
  ← 行动选择算法  (sim=0.9447)

标准名: 【表】 (共 2 个)
  ← 表格  (sim=0.9696)

标准名: 【角速度】 (共 2 个)
  ← 转动角速度  (sim=0.9438)

标准名: 【计算模型】 (共 2 个)
  ← 计算机模型  (sim=0.9392)

标准名: 【试飞】 (共 2 个)
  ← 试飞条件  (sim=0.9343)

标准名: 【项目】 (共 2 个)
  ← 该项目  (sim=0.9801)

标准名: 【质量分布】 (共 2 个)
  ← 质量分布变化  (sim=0.9566)

标准名: 【起落架】 (共 2 个)
  ← 起落架收放  (sim=0.9415)

标准名: 【起降】 (共 2 个)
  ← 起降距离  (sim=0.9346)

标准名: 【起飞/着陆翼展】 (共 2 个)
  ← 飞机的起飞/着陆翼展  (sim=0.9450)

标准名: 【超调】 (共 2 个)
  ← 超调量  (sim=0.9655)

标准名: 【进气罩】 (共 2 个)
  ← 转动进气罩  (sim=0.9372)

标准名: 【轻薄机翼设计】 (共 2 个)
  ← 轻薄灵活机翼  (sim=0.9346)

标准名: 【输出误差法】 (共 2 个)
  ← 输出误差方法  (sim=0.9837)

标准名: 【运动方程】 (共 2 个)
  ← 运动方程式  (sim=0.9407)

标准名: 【运动质量控制】 (共 2 个)
  ← 运动质量控制策略  (sim=0.9706)

标准名: 【这些特征】 (共 2 个)
  ← 这些特性  (sim=0.9413)

标准名: 【进气道伸缩唇】 (共 2 个)
  ← 进气道伸缩唇口式变几何方案  (sim=0.9572)

标准名: 【连接翼布局】 (共 2 个)
  ← 连接翼布局的总体设计  (sim=0.9466)

标准名: 【连杆铰链】 (共 2 个)
  ← 连杆上的铰链  (sim=0.9826)

标准名: 【连续变前缘机翼】 (共 2 个)
  ← 连续变前后缘机翼技术  (sim=0.9361)

标准名: 【连续变形】 (共 2 个)
  ← 连续变形问题  (sim=0.9585)

标准名: 【连续状态空间】 (共 2 个)
  ← 连续的状态空间和行动空间  (sim=0.9358)

标准名: 【适应性】 (共 2 个)
  ← 适应性结构  (sim=0.9453)

标准名: 【避开障碍和阵风】 (共 2 个)
  ← 避开障碍和阵风的能力  (sim=0.9815)

标准名: 【重力】 (共 2 个)
  ← 重力项  (sim=0.9382)

标准名: 【重量参数】 (共 2 个)
  ← 重量模块  (sim=0.9304)

标准名: 【重量要求】 (共 2 个)
  ← 重量限制  (sim=0.9469)

标准名: 【铰链】 (共 2 个)
  ← 铰链轴  (sim=0.9506)

标准名: 【镍钛合金】 (共 2 个)
  ← 镍钛合金铌  (sim=0.9646)

标准名: 【长周期模态】 (共 2 个)
  ← 长周期模态参数  (sim=0.9705)

标准名: 【长距离飞行】 (共 2 个)
  ← 长距离巡航飞行  (sim=0.9441)

标准名: 【附着流】 (共 2 个)
  ← 附着流态  (sim=0.9683)

标准名: 【附面层分离】 (共 2 个)
  ← 附面层控制  (sim=0.9400)

标准名: 【降阶】 (共 2 个)
  ← 降阶方法  (sim=0.9637)

标准名: 【随机控制问题】 (共 2 个)
  ← 随机控制问题框架  (sim=0.9725)

标准名: 【随机最优控制问题】 (共 2 个)
  ← 随机最优控制问题的代价函数  (sim=0.9486)

标准名: 【障碍不确直言】 (共 2 个)
  ← 障碍不确直言直言数+神经网络  (sim=0.9315)

标准名: 【零升阻力】 (共 2 个)
  ← 零升阻力系数  (sim=0.9421)

标准名: 【非对称机翼布局】 (共 2 个)
  ← 非对称机翼构型  (sim=0.9635)

标准名: 【非线性动力学模型】 (共 2 个)
  ← 非线性变体动力学  (sim=0.9323)

标准名: 【非线性飞行动力学模型】 (共 2 个)
  ← 非线性多体飞行动力学模型  (sim=0.9307)

标准名: 【非线性系统辨识方法】 (共 2 个)
  ← 非线性系统辨识理论  (sim=0.9931)

标准名: 【面元数量】 (共 2 个)
  ← 面元的数量  (sim=0.9956)

标准名: 【面板的所需形状】 (共 2 个)
  ← 面板的当前形状和所需形状  (sim=0.9472)

标准名: 【预测精度】 (共 2 个)
  ← 预测误差  (sim=0.9546)

标准名: 【飞机低速和高速飞行性能】 (共 2 个)
  ← 飞机低速和高速飞行性能的提高  (sim=0.9891)

标准名: 【飞机低速起降性能】 (共 2 个)
  ← 飞机低速起降性能和定速巡航性能  (sim=0.9629)

标准名: 【飞机变体前后重心高度和俯仰稳定性】 (共 2 个)
  ← 飞机变体前后重心高度和俯仰稳定性产生较大变化  (sim=0.9791)

标准名: 【飞机平面外形设计】 (共 2 个)
  ← 飞机平面外形设计参数  (sim=0.9747)

标准名: 【飞机概念设计】 (共 2 个)
  ← 飞机概念设计和总体参数拟定  (sim=0.9323)

标准名: 【飞机的体积】 (共 2 个)
  ← 飞机的容积  (sim=0.9334)

标准名: 【飞机载荷和燃油携带降低】 (共 2 个)
  ← 飞机的有效载荷和燃油携带量降低  (sim=0.9541)

标准名: 【飞机自身飞行的 6 个自由度和两侧变体的 4 个自由度】 (共 2 个)
  ← 飞机自身飞行的 6 个自由度和两侧变体的 4 个自由度分别控制的解耦的控制策略  (sim=0.9868)

标准名: 【飞行任务】 (共 2 个)
  ← 飞行任务需求  (sim=0.9375)

标准名: 【飞行仿真】 (共 2 个)
  ← 飞行仿真器  (sim=0.9619)

标准名: 【飞行器俯仰角】 (共 2 个)
  ← 飞行器俯仰角增大  (sim=0.9846)

标准名: 【飞行器变体】 (共 2 个)
  ← 飞行器变构型  (sim=0.9455)

标准名: 【飞行器增效】 (共 2 个)
  ← 飞行器增效降低  (sim=0.9788)

标准名: 【飞行器布局】 (共 2 个)
  ← 飞行器布局形式的选择  (sim=0.9536)

标准名: 【飞行器性能】 (共 2 个)
  ← 飞行器性能预测  (sim=0.9548)

标准名: 【飞行器构件】 (共 2 个)
  ← 飞行器部件  (sim=0.9615)

标准名: 【飞行器的重量效率与空间利用率】 (共 2 个)
  ← 飞行器的重量效率与空间利用率严重降低  (sim=0.9814)

标准名: 【飞行姿态控制】 (共 2 个)
  ← 飞行姿态控制品质  (sim=0.9651)

标准名: 【飞行性能】 (共 2 个)
  ← 飞行能力  (sim=0.9338)

标准名: 【飞行条件】 (共 2 个)
  ← 飞行条件下的转换  (sim=0.9550)

标准名: 【飞行特征】 (共 2 个)
  ← 飞行特性  (sim=0.9473)

标准名: 【飞行环境】 (共 2 个)
  ← 飞行环境变化  (sim=0.9493)

标准名: 【飞行速度】 (共 2 个)
  ← 飞行速度提高  (sim=0.9480)

标准名: 【马氏体积分率】 (共 2 个)
  ← 马氏体的体积分率  (sim=0.9445)

标准名: 【驱动器力矩】 (共 2 个)
  ← 驱动器力矩行为  (sim=0.9816)

标准名: 【驱动器功率】 (共 2 个)
  ← 驱动器的功率计算  (sim=0.9627)

标准名: 【驱动器动力学】 (共 2 个)
  ← 驱动器动力学方程  (sim=0.9444)

标准名: 【驱动机构】 (共 2 个)
  ← 驱动装置  (sim=0.9505)

标准名: 【高升阻比】 (共 2 个)
  ← 高升阻比特性  (sim=0.9754)

标准名: 【高变体偏转率】 (共 2 个)
  ← 高变体偏转率和无副翼偏转  (sim=0.9409)

标准名: 【高能量密度】 (共 2 个)
  ← 高能量密度的 SMA  (sim=0.9413)

标准名: 【高速翼型】 (共 2 个)
  ← 高速翼型性能  (sim=0.9664)

标准名: 【高阶化处理】 (共 2 个)
  ← 高阶化方法  (sim=0.9625)

标准名: 【鸥翼】 (共 2 个)
  ← 鸥翼角  (sim=0.9313)

标准名: 【鸭式无尾布局】 (共 2 个)
  ← 鸭式无尾布局飞行器  (sim=0.9433)

